Using pre-set license
Built from '2020.3/staging' branch; Version is '2020.3.25f1 (9b9180224418) revision 10195328'; Using compiler version '192528614'; Build Type 'Release'
OS: 'Windows 10  (10.0.19044) 64bit Core' Language: 'es' Physical Memory: 16301 MB
BatchMode: 1, IsHumanControllingUs: 0, StartBugReporterOnCrash: 0, Is64bit: 1, IsPro: 0

COMMAND LINE ARGUMENTS:
E:\Unity\Unity Hub\2020.3.25f1\Editor\Unity.exe
-adb2
-batchMode
-noUpm
-name
AssetImportWorker0
-projectPath
C:/Users/Nico/Documents/GitHub/jamear-alquimia/JamearAlquimia
-logFile
Logs/AssetImportWorker0.log
-srvPort
65433
Successfully changed project path to: C:/Users/Nico/Documents/GitHub/jamear-alquimia/JamearAlquimia
C:/Users/Nico/Documents/GitHub/jamear-alquimia/JamearAlquimia
Using Asset Import Pipeline V2.
Refreshing native plugins compatible for Editor in 46.67 ms, found 3 plugins.
Preloading 0 native plugins for Editor in 0.00 ms.
Initialize engine version: 2020.3.25f1 (9b9180224418)
[Subsystems] Discovering subsystems at path E:/Unity/Unity Hub/2020.3.25f1/Editor/Data/Resources/UnitySubsystems
[Subsystems] Discovering subsystems at path C:/Users/Nico/Documents/GitHub/jamear-alquimia/JamearAlquimia/Assets
GfxDevice: creating device client; threaded=0
Direct3D:
    Version:  Direct3D 11.0 [level 11.1]
    Renderer: NVIDIA GeForce GTX 1050 (ID=0x1c83)
    Vendor:   
    VRAM:     2996 MB
    Driver:   30.0.15.1215
Initialize mono
Mono path[0] = 'E:/Unity/Unity Hub/2020.3.25f1/Editor/Data/Managed'
Mono path[1] = 'E:/Unity/Unity Hub/2020.3.25f1/Editor/Data/MonoBleedingEdge/lib/mono/unityjit'
Mono config path = 'E:/Unity/Unity Hub/2020.3.25f1/Editor/Data/MonoBleedingEdge/etc'
Using monoOptions --debugger-agent=transport=dt_socket,embedding=1,server=y,suspend=n,address=127.0.0.1:56920
Begin MonoManager ReloadAssembly
Registering precompiled unity dll's ...
Register platform support module: E:/Unity/Unity Hub/2020.3.25f1/Editor/Data/PlaybackEngines/WebGLSupport/UnityEditor.WebGL.Extensions.dll
Register platform support module: E:/Unity/Unity Hub/2020.3.25f1/Editor/Data/PlaybackEngines/WindowsStandaloneSupport/UnityEditor.WindowsStandalone.Extensions.dll
Registered in 0.001295 seconds.
Native extension for WindowsStandalone target not found
Native extension for WebGL target not found
Refreshing native plugins compatible for Editor in 44.59 ms, found 3 plugins.
Preloading 0 native plugins for Editor in 0.00 ms.
Mono: successfully reloaded assembly
- Completed reload, in  0.546 seconds
Domain Reload Profiling:
	ReloadAssembly (546ms)
		BeginReloadAssembly (50ms)
			ExecutionOrderSort (0ms)
			DisableScriptedObjects (0ms)
			BackupInstance (0ms)
			ReleaseScriptingObjects (0ms)
			CreateAndSetChildDomain (1ms)
		EndReloadAssembly (433ms)
			LoadAssemblies (49ms)
			RebuildTransferFunctionScriptingTraits (0ms)
			SetupTypeCache (145ms)
			ReleaseScriptCaches (0ms)
			RebuildScriptCaches (28ms)
			SetupLoadedEditorAssemblies (166ms)
				LogAssemblyErrors (0ms)
				InitializePlatformSupportModulesInManaged (5ms)
				SetLoadedEditorAssemblies (0ms)
				RefreshPlugins (45ms)
				BeforeProcessingInitializeOnLoad (16ms)
				ProcessInitializeOnLoadAttributes (75ms)
				ProcessInitializeOnLoadMethodAttributes (25ms)
				AfterProcessingInitializeOnLoad (0ms)
				EditorAssembliesLoaded (0ms)
			ExecutionOrderSort2 (0ms)
			AwakeInstancesAfterBackupRestoration (0ms)
Platform modules already initialized, skipping
Registering precompiled user dll's ...
Registered in 0.006131 seconds.
Begin MonoManager ReloadAssembly
Native extension for WindowsStandalone target not found
Native extension for WebGL target not found
Refreshing native plugins compatible for Editor in 44.41 ms, found 3 plugins.
Preloading 0 native plugins for Editor in 0.00 ms.
Mono: successfully reloaded assembly
- Completed reload, in  1.090 seconds
Domain Reload Profiling:
	ReloadAssembly (1091ms)
		BeginReloadAssembly (133ms)
			ExecutionOrderSort (0ms)
			DisableScriptedObjects (4ms)
			BackupInstance (0ms)
			ReleaseScriptingObjects (0ms)
			CreateAndSetChildDomain (17ms)
		EndReloadAssembly (904ms)
			LoadAssemblies (90ms)
			RebuildTransferFunctionScriptingTraits (0ms)
			SetupTypeCache (300ms)
			ReleaseScriptCaches (0ms)
			RebuildScriptCaches (51ms)
			SetupLoadedEditorAssemblies (344ms)
				LogAssemblyErrors (0ms)
				InitializePlatformSupportModulesInManaged (4ms)
				SetLoadedEditorAssemblies (0ms)
				RefreshPlugins (44ms)
				BeforeProcessingInitializeOnLoad (82ms)
				ProcessInitializeOnLoadAttributes (197ms)
				ProcessInitializeOnLoadMethodAttributes (15ms)
				AfterProcessingInitializeOnLoad (2ms)
				EditorAssembliesLoaded (0ms)
			ExecutionOrderSort2 (0ms)
			AwakeInstancesAfterBackupRestoration (7ms)
Platform modules already initialized, skipping
========================================================================
Worker process is ready to serve import requests
Launched and connected shader compiler UnityShaderCompiler.exe after 0.05 seconds
Refreshing native plugins compatible for Editor in 0.44 ms, found 3 plugins.
Preloading 0 native plugins for Editor in 0.00 ms.
Unloading 2358 Unused Serialized files (Serialized files now loaded: 0)
System memory in use before: 101.2 MB.
System memory in use after: 101.4 MB.

Unloading 29 unused Assets to reduce memory usage. Loaded Objects now: 2791.
Total: 2.979300 ms (FindLiveObjects: 0.169400 ms CreateObjectMapping: 0.091700 ms MarkObjects: 2.658900 ms  DeleteObjects: 0.058200 ms)

AssetImportParameters requested are different than current active one (requested -> active):
  custom:framework-win-MediaFoundation: 216162199b28c13a410421893ffa2e32 -> 
  custom:video-decoder-ogg-theora: a1e56fd34408186e4bbccfd4996cb3dc -> 
  custom:container-muxer-webm: aa71ff27fc2769a1b78a27578f13a17b -> 
  custom:container-demuxer-webm: 4f35f7cbe854078d1ac9338744f61a02 -> 
  custom:container-demuxer-ogg: 62fdf1f143b41e24485cea50d1cbac27 -> 
  custom:video-encoder-webm-vp8: eb34c28f22e8b96e1ab97ce403110664 -> 
  custom:video-decoder-webm-vp8: 9c59270c3fd7afecdb556c50c9e8de78 -> 
  custom:audio-decoder-ogg-vorbis: bf7c407c2cedff20999df2af8eb42d56 -> 
  custom:audio-encoder-webm-vorbis: bf7c407c2cedff20999df2af8eb42d56 -> 
========================================================================
Received Import Request.
  path: Assets/Prefabs/FluidDispenser.prefab
  artifactKey: Guid(876794f9319f103439ad1b5fac9edb28) Importer(815301076,1909f56bfc062723c751e8b465ee728b)
Start importing Assets/Prefabs/FluidDispenser.prefab using Guid(876794f9319f103439ad1b5fac9edb28) Importer(815301076,1909f56bfc062723c751e8b465ee728b)  -> (artifact id: 'c36641f906e7be1822ead685fdf466c2') in 0.139836 seconds 
  Import took 0.143154 seconds .

========================================================================
Received Import Request.
  Time since last request: 0.000375 seconds.
  path: Assets/Prefabs/Vial.prefab
  artifactKey: Guid(755b9ad75ade25a408f88f51d19eb1c2) Importer(815301076,1909f56bfc062723c751e8b465ee728b)
Start importing Assets/Prefabs/Vial.prefab using Guid(755b9ad75ade25a408f88f51d19eb1c2) Importer(815301076,1909f56bfc062723c751e8b465ee728b)  -> (artifact id: 'ef9fcd536d53fb003597842099a12f0a') in 0.033758 seconds 
  Import took 0.036831 seconds .

========================================================================
Received Import Request.
  Time since last request: 130.592388 seconds.
  path: Assets/Player/Personaje.jpeg
  artifactKey: Guid(0c147c94a8c8e6c4fabc1227ca70e932) Importer(815301076,1909f56bfc062723c751e8b465ee728b)
Start importing Assets/Player/Personaje.jpeg using Guid(0c147c94a8c8e6c4fabc1227ca70e932) Importer(815301076,1909f56bfc062723c751e8b465ee728b)  -> (artifact id: 'db9f4ca3a3e0c945fdd3a81143a127d0') in 0.055839 seconds 
  Import took 0.060092 seconds .

========================================================================
Received Import Request.
  Time since last request: 0.693384 seconds.
  path: Assets/Physics Materials/Mercury.physicsMaterial2D
  artifactKey: Guid(7493f39228a5da94b94223351ddcfe43) Importer(815301076,1909f56bfc062723c751e8b465ee728b)
Start importing Assets/Physics Materials/Mercury.physicsMaterial2D using Guid(7493f39228a5da94b94223351ddcfe43) Importer(815301076,1909f56bfc062723c751e8b465ee728b)  -> (artifact id: '20084e84c73886821d0bc33cb1b9fb69') in 0.026318 seconds 
  Import took 0.030038 seconds .

========================================================================
Received Import Request.
  Time since last request: 0.000369 seconds.
  path: Assets/Physics Materials/Oil.physicsMaterial2D
  artifactKey: Guid(9e2bc92e2128f014c8ff38e0c67ee571) Importer(815301076,1909f56bfc062723c751e8b465ee728b)
Start importing Assets/Physics Materials/Oil.physicsMaterial2D using Guid(9e2bc92e2128f014c8ff38e0c67ee571) Importer(815301076,1909f56bfc062723c751e8b465ee728b)  -> (artifact id: '86ec2bdc9b15d434efb88395880615fb') in 0.025455 seconds 
  Import took 0.028557 seconds .

========================================================================
Received Import Request.
  Time since last request: 0.000357 seconds.
  path: Assets/Physics Materials/Water.physicsMaterial2D
  artifactKey: Guid(475f422c949b658468d636da4e67f1c8) Importer(815301076,1909f56bfc062723c751e8b465ee728b)
Start importing Assets/Physics Materials/Water.physicsMaterial2D using Guid(475f422c949b658468d636da4e67f1c8) Importer(815301076,1909f56bfc062723c751e8b465ee728b)  -> (artifact id: '117f07b2881f6297ee4ea8b98114dd4f') in 0.025295 seconds 
  Import took 0.028302 seconds .

========================================================================
Received Import Request.
  Time since last request: 1.093884 seconds.
  path: Assets/Mockup/Estacion 1.jpeg
  artifactKey: Guid(a60d5f80051581645bc3b998b726de2d) Importer(815301076,1909f56bfc062723c751e8b465ee728b)
Start importing Assets/Mockup/Estacion 1.jpeg using Guid(a60d5f80051581645bc3b998b726de2d) Importer(815301076,1909f56bfc062723c751e8b465ee728b)  -> (artifact id: 'e96d266257785dc68fff65fe512f4eb5') in 0.040396 seconds 
  Import took 0.043923 seconds .

========================================================================
Received Import Request.
  Time since last request: 0.000342 seconds.
  path: Assets/Mockup/Estacion 3.jpeg
  artifactKey: Guid(97142237642b5224289f2a1ae75aa6eb) Importer(815301076,1909f56bfc062723c751e8b465ee728b)
Start importing Assets/Mockup/Estacion 3.jpeg using Guid(97142237642b5224289f2a1ae75aa6eb) Importer(815301076,1909f56bfc062723c751e8b465ee728b)  -> (artifact id: 'c557b1fa7cfbcba50616da0f79ea2db8') in 0.037301 seconds 
  Import took 0.040337 seconds .

========================================================================
Received Import Request.
  Time since last request: 0.000287 seconds.
  path: Assets/Mockup/Mostrador.jpeg
  artifactKey: Guid(fde292b063d26b3439f21049fff55705) Importer(815301076,1909f56bfc062723c751e8b465ee728b)
Start importing Assets/Mockup/Mostrador.jpeg using Guid(fde292b063d26b3439f21049fff55705) Importer(815301076,1909f56bfc062723c751e8b465ee728b)  -> (artifact id: 'eb9db8d108c434c024d297ff421ff615') in 0.040588 seconds 
  Import took 0.043931 seconds .

========================================================================
Received Import Request.
  Time since last request: 0.000292 seconds.
  path: Assets/Mockup/Estacion 2.jpeg
  artifactKey: Guid(feb4e5df8c789e542a1a0804bda0081e) Importer(815301076,1909f56bfc062723c751e8b465ee728b)
Start importing Assets/Mockup/Estacion 2.jpeg using Guid(feb4e5df8c789e542a1a0804bda0081e) Importer(815301076,1909f56bfc062723c751e8b465ee728b)  -> (artifact id: 'bb04a77d52f2985f0dae67d8c0ea880c') in 0.036579 seconds 
  Import took 0.039587 seconds .

========================================================================
Received Import Request.
  Time since last request: 2.225134 seconds.
  path: Assets/Scenes/HerrBardoTest.unity
  artifactKey: Guid(3ac73f30606461f4f8ea5dc361153921) Importer(815301076,1909f56bfc062723c751e8b465ee728b)
Start importing Assets/Scenes/HerrBardoTest.unity using Guid(3ac73f30606461f4f8ea5dc361153921) Importer(815301076,1909f56bfc062723c751e8b465ee728b)  -> (artifact id: 'f9a37f821a1df87b4d33516a6869fb2d') in 0.024598 seconds 
  Import took 0.027997 seconds .

========================================================================
Received Import Request.
  Time since last request: 6.177094 seconds.
  path: Assets/Scenes/NikezTest.unity
  artifactKey: Guid(b97a6c69415d5d34bb724fab4355d869) Importer(815301076,1909f56bfc062723c751e8b465ee728b)
Start importing Assets/Scenes/NikezTest.unity using Guid(b97a6c69415d5d34bb724fab4355d869) Importer(815301076,1909f56bfc062723c751e8b465ee728b)  -> (artifact id: '93a742b762a91fb6e80db2e3983e031a') in 0.026293 seconds 
  Import took 0.029604 seconds .

========================================================================
Received Import Request.
  Time since last request: 2.947442 seconds.
  path: Assets/Scenes/GameScene.unity
  artifactKey: Guid(2cda990e2423bbf4892e6590ba056729) Importer(815301076,1909f56bfc062723c751e8b465ee728b)
Start importing Assets/Scenes/GameScene.unity using Guid(2cda990e2423bbf4892e6590ba056729) Importer(815301076,1909f56bfc062723c751e8b465ee728b)  -> (artifact id: 'f5aa1ad1dc7a5013061db2a1c95a9b88') in 0.025888 seconds 
  Import took 0.029048 seconds .

========================================================================
Received Import Request.
  Time since last request: 71.378063 seconds.
  path: Assets/GameManager
  artifactKey: Guid(106ff50d90b56c64e9b54cd666a57fff) Importer(815301076,1909f56bfc062723c751e8b465ee728b)
Start importing Assets/GameManager using Guid(106ff50d90b56c64e9b54cd666a57fff) Importer(815301076,1909f56bfc062723c751e8b465ee728b)  -> (artifact id: 'f8b16446bdac7912cc9a1ea1fc94703d') in 0.025941 seconds 
  Import took 0.029208 seconds .

========================================================================
Received Prepare
Registering precompiled user dll's ...
Registered in 0.005623 seconds.
Begin MonoManager ReloadAssembly
Native extension for WindowsStandalone target not found
Native extension for WebGL target not found
Refreshing native plugins compatible for Editor in 0.47 ms, found 3 plugins.
Preloading 0 native plugins for Editor in 0.00 ms.
Mono: successfully reloaded assembly
- Completed reload, in  0.975 seconds
Domain Reload Profiling:
	ReloadAssembly (975ms)
		BeginReloadAssembly (114ms)
			ExecutionOrderSort (0ms)
			DisableScriptedObjects (5ms)
			BackupInstance (0ms)
			ReleaseScriptingObjects (0ms)
			CreateAndSetChildDomain (33ms)
		EndReloadAssembly (808ms)
			LoadAssemblies (88ms)
			RebuildTransferFunctionScriptingTraits (0ms)
			SetupTypeCache (285ms)
			ReleaseScriptCaches (1ms)
			RebuildScriptCaches (43ms)
			SetupLoadedEditorAssemblies (295ms)
				LogAssemblyErrors (0ms)
				InitializePlatformSupportModulesInManaged (5ms)
				SetLoadedEditorAssemblies (0ms)
				RefreshPlugins (1ms)
				BeforeProcessingInitializeOnLoad (82ms)
				ProcessInitializeOnLoadAttributes (195ms)
				ProcessInitializeOnLoadMethodAttributes (10ms)
				AfterProcessingInitializeOnLoad (2ms)
				EditorAssembliesLoaded (0ms)
			ExecutionOrderSort2 (0ms)
			AwakeInstancesAfterBackupRestoration (8ms)
Platform modules already initialized, skipping
Refreshing native plugins compatible for Editor in 0.46 ms, found 3 plugins.
Preloading 0 native plugins for Editor in 0.00 ms.
Unloading 2345 Unused Serialized files (Serialized files now loaded: 0)
System memory in use before: 103.6 MB.
System memory in use after: 103.8 MB.

Unloading 18 unused Assets to reduce memory usage. Loaded Objects now: 2809.
Total: 2.760200 ms (FindLiveObjects: 0.182600 ms CreateObjectMapping: 0.099400 ms MarkObjects: 2.461000 ms  DeleteObjects: 0.015900 ms)

AssetImportParameters requested are different than current active one (requested -> active):
  custom:framework-win-MediaFoundation: 216162199b28c13a410421893ffa2e32 -> 
  custom:video-decoder-ogg-theora: a1e56fd34408186e4bbccfd4996cb3dc -> 
  custom:container-muxer-webm: aa71ff27fc2769a1b78a27578f13a17b -> 
  custom:container-demuxer-webm: 4f35f7cbe854078d1ac9338744f61a02 -> 
  custom:container-demuxer-ogg: 62fdf1f143b41e24485cea50d1cbac27 -> 
  custom:video-encoder-webm-vp8: eb34c28f22e8b96e1ab97ce403110664 -> 
  custom:video-decoder-webm-vp8: 9c59270c3fd7afecdb556c50c9e8de78 -> 
  custom:audio-decoder-ogg-vorbis: bf7c407c2cedff20999df2af8eb42d56 -> 
  custom:audio-encoder-webm-vorbis: bf7c407c2cedff20999df2af8eb42d56 -> 
========================================================================
Received Import Request.
  Time since last request: 64.066200 seconds.
  path: Assets/Player
  artifactKey: Guid(2824535b3041dc34fb16ba19e58cbc7f) Importer(815301076,1909f56bfc062723c751e8b465ee728b)
Start importing Assets/Player using Guid(2824535b3041dc34fb16ba19e58cbc7f) Importer(815301076,1909f56bfc062723c751e8b465ee728b)  -> (artifact id: '55fdaf8292078785f05e3b4efc196ee7') in 0.029981 seconds 
  Import took 0.033294 seconds .

========================================================================
Received Prepare
Registering precompiled user dll's ...
Registered in 0.005847 seconds.
Begin MonoManager ReloadAssembly
Native extension for WindowsStandalone target not found
Native extension for WebGL target not found
Refreshing native plugins compatible for Editor in 0.52 ms, found 3 plugins.
Preloading 0 native plugins for Editor in 0.00 ms.
Mono: successfully reloaded assembly
- Completed reload, in  0.958 seconds
Domain Reload Profiling:
	ReloadAssembly (958ms)
		BeginReloadAssembly (100ms)
			ExecutionOrderSort (0ms)
			DisableScriptedObjects (6ms)
			BackupInstance (0ms)
			ReleaseScriptingObjects (0ms)
			CreateAndSetChildDomain (32ms)
		EndReloadAssembly (804ms)
			LoadAssemblies (89ms)
			RebuildTransferFunctionScriptingTraits (0ms)
			SetupTypeCache (285ms)
			ReleaseScriptCaches (1ms)
			RebuildScriptCaches (42ms)
			SetupLoadedEditorAssemblies (292ms)
				LogAssemblyErrors (0ms)
				InitializePlatformSupportModulesInManaged (5ms)
				SetLoadedEditorAssemblies (1ms)
				RefreshPlugins (1ms)
				BeforeProcessingInitializeOnLoad (81ms)
				ProcessInitializeOnLoadAttributes (192ms)
				ProcessInitializeOnLoadMethodAttributes (9ms)
				AfterProcessingInitializeOnLoad (2ms)
				EditorAssembliesLoaded (0ms)
			ExecutionOrderSort2 (0ms)
			AwakeInstancesAfterBackupRestoration (8ms)
Platform modules already initialized, skipping
Refreshing native plugins compatible for Editor in 0.44 ms, found 3 plugins.
Preloading 0 native plugins for Editor in 0.00 ms.
Unloading 2345 Unused Serialized files (Serialized files now loaded: 0)
System memory in use before: 103.6 MB.
System memory in use after: 103.8 MB.

Unloading 18 unused Assets to reduce memory usage. Loaded Objects now: 2811.
Total: 3.067600 ms (FindLiveObjects: 0.164500 ms CreateObjectMapping: 0.092600 ms MarkObjects: 2.795300 ms  DeleteObjects: 0.014500 ms)

AssetImportParameters requested are different than current active one (requested -> active):
  custom:framework-win-MediaFoundation: 216162199b28c13a410421893ffa2e32 -> 
  custom:video-decoder-ogg-theora: a1e56fd34408186e4bbccfd4996cb3dc -> 
  custom:container-muxer-webm: aa71ff27fc2769a1b78a27578f13a17b -> 
  custom:container-demuxer-webm: 4f35f7cbe854078d1ac9338744f61a02 -> 
  custom:container-demuxer-ogg: 62fdf1f143b41e24485cea50d1cbac27 -> 
  custom:video-encoder-webm-vp8: eb34c28f22e8b96e1ab97ce403110664 -> 
  custom:video-decoder-webm-vp8: 9c59270c3fd7afecdb556c50c9e8de78 -> 
  custom:audio-decoder-ogg-vorbis: bf7c407c2cedff20999df2af8eb42d56 -> 
  custom:audio-encoder-webm-vorbis: bf7c407c2cedff20999df2af8eb42d56 -> 
========================================================================
Received Import Request.
  Time since last request: 232.915791 seconds.
  path: Assets/GameManager/ButtonController.cs
  artifactKey: Guid(2842e7d4763360b489ae485a5fa2ce0a) Importer(815301076,1909f56bfc062723c751e8b465ee728b)
Start importing Assets/GameManager/ButtonController.cs using Guid(2842e7d4763360b489ae485a5fa2ce0a) Importer(815301076,1909f56bfc062723c751e8b465ee728b)  -> (artifact id: '893f6a8467d7d6773d71a643914e5124') in 0.032432 seconds 
  Import took 0.036197 seconds .

========================================================================
Received Prepare
Registering precompiled user dll's ...
Registered in 0.005897 seconds.
Begin MonoManager ReloadAssembly
Native extension for WindowsStandalone target not found
Native extension for WebGL target not found
Refreshing native plugins compatible for Editor in 0.48 ms, found 3 plugins.
Preloading 0 native plugins for Editor in 0.00 ms.
Mono: successfully reloaded assembly
- Completed reload, in  1.000 seconds
Domain Reload Profiling:
	ReloadAssembly (1000ms)
		BeginReloadAssembly (114ms)
			ExecutionOrderSort (0ms)
			DisableScriptedObjects (6ms)
			BackupInstance (0ms)
			ReleaseScriptingObjects (0ms)
			CreateAndSetChildDomain (31ms)
		EndReloadAssembly (831ms)
			LoadAssemblies (89ms)
			RebuildTransferFunctionScriptingTraits (0ms)
			SetupTypeCache (289ms)
			ReleaseScriptCaches (1ms)
			RebuildScriptCaches (42ms)
			SetupLoadedEditorAssemblies (308ms)
				LogAssemblyErrors (0ms)
				InitializePlatformSupportModulesInManaged (5ms)
				SetLoadedEditorAssemblies (0ms)
				RefreshPlugins (1ms)
				BeforeProcessingInitializeOnLoad (89ms)
				ProcessInitializeOnLoadAttributes (201ms)
				ProcessInitializeOnLoadMethodAttributes (10ms)
				AfterProcessingInitializeOnLoad (2ms)
				EditorAssembliesLoaded (0ms)
			ExecutionOrderSort2 (0ms)
			AwakeInstancesAfterBackupRestoration (9ms)
Platform modules already initialized, skipping
Refreshing native plugins compatible for Editor in 0.47 ms, found 3 plugins.
Preloading 0 native plugins for Editor in 0.00 ms.
Unloading 2345 Unused Serialized files (Serialized files now loaded: 0)
System memory in use before: 103.6 MB.
System memory in use after: 103.9 MB.

Unloading 18 unused Assets to reduce memory usage. Loaded Objects now: 2813.
Total: 2.873500 ms (FindLiveObjects: 0.165800 ms CreateObjectMapping: 0.092500 ms MarkObjects: 2.599100 ms  DeleteObjects: 0.014900 ms)

AssetImportParameters requested are different than current active one (requested -> active):
  custom:framework-win-MediaFoundation: 216162199b28c13a410421893ffa2e32 -> 
  custom:video-decoder-ogg-theora: a1e56fd34408186e4bbccfd4996cb3dc -> 
  custom:container-muxer-webm: aa71ff27fc2769a1b78a27578f13a17b -> 
  custom:container-demuxer-webm: 4f35f7cbe854078d1ac9338744f61a02 -> 
  custom:container-demuxer-ogg: 62fdf1f143b41e24485cea50d1cbac27 -> 
  custom:video-encoder-webm-vp8: eb34c28f22e8b96e1ab97ce403110664 -> 
  custom:video-decoder-webm-vp8: 9c59270c3fd7afecdb556c50c9e8de78 -> 
  custom:audio-decoder-ogg-vorbis: bf7c407c2cedff20999df2af8eb42d56 -> 
  custom:audio-encoder-webm-vorbis: bf7c407c2cedff20999df2af8eb42d56 -> 
========================================================================
Received Import Request.
  Time since last request: 113.808034 seconds.
  path: Assets/Scenes/NikezTest.unity
  artifactKey: Guid(b97a6c69415d5d34bb724fab4355d869) Importer(815301076,1909f56bfc062723c751e8b465ee728b)
Start importing Assets/Scenes/NikezTest.unity using Guid(b97a6c69415d5d34bb724fab4355d869) Importer(815301076,1909f56bfc062723c751e8b465ee728b)  -> (artifact id: 'dcbee30b619e10176de6497573d69e14') in 0.034697 seconds 
  Import took 0.038177 seconds .

========================================================================
Received Import Request.
  Time since last request: 29.063713 seconds.
  path: Assets/Sprites/baclground_nuevo.png
  artifactKey: Guid(6a4f9a4b88795ff42a7c9f797a3339b9) Importer(815301076,1909f56bfc062723c751e8b465ee728b)
Start importing Assets/Sprites/baclground_nuevo.png using Guid(6a4f9a4b88795ff42a7c9f797a3339b9) Importer(815301076,1909f56bfc062723c751e8b465ee728b)  -> (artifact id: '6d14577e137f028fe90f6e758fa2762b') in 0.071700 seconds 
  Import took 0.075281 seconds .

========================================================================
Received Import Request.
  Time since last request: 0.000326 seconds.
  path: Assets/Sprites/baclground_nuevo_1.png
  artifactKey: Guid(92fd86b87a70dab4b99424b58fb76931) Importer(815301076,1909f56bfc062723c751e8b465ee728b)
Start importing Assets/Sprites/baclground_nuevo_1.png using Guid(92fd86b87a70dab4b99424b58fb76931) Importer(815301076,1909f56bfc062723c751e8b465ee728b)  -> (artifact id: '5fb7d67fd437c4303c35f5dbbb241957') in 0.039852 seconds 
  Import took 0.042898 seconds .

========================================================================
Received Import Request.
  Time since last request: 0.000346 seconds.
  path: Assets/Sprites/OvenDoor.png
  artifactKey: Guid(13c3bd097bbc8f240a680d631dddbe79) Importer(815301076,1909f56bfc062723c751e8b465ee728b)
Start importing Assets/Sprites/OvenDoor.png using Guid(13c3bd097bbc8f240a680d631dddbe79) Importer(815301076,1909f56bfc062723c751e8b465ee728b)  -> (artifact id: '9e720b6097965f9079b817fc0fcaa036') in 0.035018 seconds 
  Import took 0.038220 seconds .

========================================================================
Received Import Request.
  Time since last request: 26.559835 seconds.
  path: Assets/Sprites/baclground_nuevo1F.png
  artifactKey: Guid(f27236dbb6862b54093519650a16404c) Importer(815301076,1909f56bfc062723c751e8b465ee728b)
Start importing Assets/Sprites/baclground_nuevo1F.png using Guid(f27236dbb6862b54093519650a16404c) Importer(815301076,1909f56bfc062723c751e8b465ee728b)  -> (artifact id: '18b14a73480bb5ea4bf3d210663be77a') in 0.039857 seconds 
  Import took 0.043523 seconds .

========================================================================
Received Import Request.
  Time since last request: 0.000310 seconds.
  path: Assets/Sprites/volante_dispositivo.png
  artifactKey: Guid(1482367bbf2a11040a97dd6394439bec) Importer(815301076,1909f56bfc062723c751e8b465ee728b)
Start importing Assets/Sprites/volante_dispositivo.png using Guid(1482367bbf2a11040a97dd6394439bec) Importer(815301076,1909f56bfc062723c751e8b465ee728b)  -> (artifact id: '2f7bf03dbdc30650bed76592073108ec') in 0.042151 seconds 
  Import took 0.045370 seconds .

========================================================================
Received Import Request.
  Time since last request: 0.000261 seconds.
  path: Assets/Sprites/partes2.png
  artifactKey: Guid(5380406f91304b345840a0b45edc0c57) Importer(815301076,1909f56bfc062723c751e8b465ee728b)
Start importing Assets/Sprites/partes2.png using Guid(5380406f91304b345840a0b45edc0c57) Importer(815301076,1909f56bfc062723c751e8b465ee728b)  -> (artifact id: 'f5592ad7123072b0df8c263fd1f9bac0') in 0.035458 seconds 
  Import took 0.038801 seconds .

========================================================================
Received Import Request.
  Time since last request: 0.000310 seconds.
  path: Assets/Sprites/partes6.png
  artifactKey: Guid(665da5699bd3ec545af3442d604c94bc) Importer(815301076,1909f56bfc062723c751e8b465ee728b)
Start importing Assets/Sprites/partes6.png using Guid(665da5699bd3ec545af3442d604c94bc) Importer(815301076,1909f56bfc062723c751e8b465ee728b)  -> (artifact id: 'af34e691c8b87d76b3e53201aa51ecc7') in 0.033641 seconds 
  Import took 0.036688 seconds .

========================================================================
Received Import Request.
  Time since last request: 0.000326 seconds.
  path: Assets/Sprites/partes5.png
  artifactKey: Guid(7134028fe56c99b43aa4f5c6e0e601cb) Importer(815301076,1909f56bfc062723c751e8b465ee728b)
Start importing Assets/Sprites/partes5.png using Guid(7134028fe56c99b43aa4f5c6e0e601cb) Importer(815301076,1909f56bfc062723c751e8b465ee728b)  -> (artifact id: '06f79e33e6b863eb027f93a9f4ca9d31') in 0.038878 seconds 
  Import took 0.041929 seconds .

========================================================================
Received Import Request.
  Time since last request: 0.000320 seconds.
  path: Assets/Sprites/partes.png
  artifactKey: Guid(0981bff5ff7aced45bfc81ba105b630b) Importer(815301076,1909f56bfc062723c751e8b465ee728b)
Start importing Assets/Sprites/partes.png using Guid(0981bff5ff7aced45bfc81ba105b630b) Importer(815301076,1909f56bfc062723c751e8b465ee728b)  -> (artifact id: '40f1394b53d440fd39d87f57b12b7c75') in 0.035805 seconds 
  Import took 0.038917 seconds .

========================================================================
Received Import Request.
  Time since last request: 0.000299 seconds.
  path: Assets/Sprites/partes4.png
  artifactKey: Guid(78bf5163b75559c40b5bca19be8226e7) Importer(815301076,1909f56bfc062723c751e8b465ee728b)
Start importing Assets/Sprites/partes4.png using Guid(78bf5163b75559c40b5bca19be8226e7) Importer(815301076,1909f56bfc062723c751e8b465ee728b)  -> (artifact id: 'bb672fec0355e367733af2071f6cf569') in 0.034272 seconds 
  Import took 0.037346 seconds .

========================================================================
Received Import Request.
  Time since last request: 0.000282 seconds.
  path: Assets/Sprites/partes3.png
  artifactKey: Guid(90a7d2df26b8e3a468b87a3f47baa166) Importer(815301076,1909f56bfc062723c751e8b465ee728b)
Start importing Assets/Sprites/partes3.png using Guid(90a7d2df26b8e3a468b87a3f47baa166) Importer(815301076,1909f56bfc062723c751e8b465ee728b)  -> (artifact id: '8de682572828916fa2a79eb7e542cfab') in 0.037031 seconds 
  Import took 0.040046 seconds .

========================================================================
Received Import Request.
  Time since last request: 39.527673 seconds.
  path: Assets/Sprites/baclground_nuevo1F.png
  artifactKey: Guid(f27236dbb6862b54093519650a16404c) Importer(815301076,1909f56bfc062723c751e8b465ee728b)
Start importing Assets/Sprites/baclground_nuevo1F.png using Guid(f27236dbb6862b54093519650a16404c) Importer(815301076,1909f56bfc062723c751e8b465ee728b)  -> (artifact id: 'fe2ee0e738cc1933961b7a5ce70e7e61') in 0.040174 seconds 
  Import took 0.043665 seconds .

========================================================================
Received Prepare
Registering precompiled user dll's ...
Registered in 0.005687 seconds.
Begin MonoManager ReloadAssembly
Native extension for WindowsStandalone target not found
Native extension for WebGL target not found
Refreshing native plugins compatible for Editor in 0.46 ms, found 3 plugins.
Preloading 0 native plugins for Editor in 0.00 ms.
Mono: successfully reloaded assembly
- Completed reload, in  0.960 seconds
Domain Reload Profiling:
	ReloadAssembly (960ms)
		BeginReloadAssembly (107ms)
			ExecutionOrderSort (0ms)
			DisableScriptedObjects (6ms)
			BackupInstance (0ms)
			ReleaseScriptingObjects (0ms)
			CreateAndSetChildDomain (33ms)
		EndReloadAssembly (799ms)
			LoadAssemblies (89ms)
			RebuildTransferFunctionScriptingTraits (0ms)
			SetupTypeCache (278ms)
			ReleaseScriptCaches (1ms)
			RebuildScriptCaches (42ms)
			SetupLoadedEditorAssemblies (295ms)
				LogAssemblyErrors (0ms)
				InitializePlatformSupportModulesInManaged (5ms)
				SetLoadedEditorAssemblies (0ms)
				RefreshPlugins (1ms)
				BeforeProcessingInitializeOnLoad (80ms)
				ProcessInitializeOnLoadAttributes (197ms)
				ProcessInitializeOnLoadMethodAttributes (10ms)
				AfterProcessingInitializeOnLoad (2ms)
				EditorAssembliesLoaded (0ms)
			ExecutionOrderSort2 (0ms)
			AwakeInstancesAfterBackupRestoration (8ms)
Platform modules already initialized, skipping
Refreshing native plugins compatible for Editor in 0.46 ms, found 3 plugins.
Preloading 0 native plugins for Editor in 0.00 ms.
Unloading 2345 Unused Serialized files (Serialized files now loaded: 0)
System memory in use before: 103.7 MB.
System memory in use after: 103.9 MB.

Unloading 18 unused Assets to reduce memory usage. Loaded Objects now: 2820.
Total: 3.016200 ms (FindLiveObjects: 0.175200 ms CreateObjectMapping: 0.098000 ms MarkObjects: 2.724600 ms  DeleteObjects: 0.016900 ms)

AssetImportParameters requested are different than current active one (requested -> active):
  custom:framework-win-MediaFoundation: 216162199b28c13a410421893ffa2e32 -> 
  custom:video-decoder-ogg-theora: a1e56fd34408186e4bbccfd4996cb3dc -> 
  custom:container-muxer-webm: aa71ff27fc2769a1b78a27578f13a17b -> 
  custom:container-demuxer-webm: 4f35f7cbe854078d1ac9338744f61a02 -> 
  custom:container-demuxer-ogg: 62fdf1f143b41e24485cea50d1cbac27 -> 
  custom:video-encoder-webm-vp8: eb34c28f22e8b96e1ab97ce403110664 -> 
  custom:video-decoder-webm-vp8: 9c59270c3fd7afecdb556c50c9e8de78 -> 
  custom:audio-decoder-ogg-vorbis: bf7c407c2cedff20999df2af8eb42d56 -> 
  custom:audio-encoder-webm-vorbis: bf7c407c2cedff20999df2af8eb42d56 -> 
========================================================================
Received Prepare
Registering precompiled user dll's ...
Registered in 0.006262 seconds.
Begin MonoManager ReloadAssembly
Native extension for WindowsStandalone target not found
Native extension for WebGL target not found
Refreshing native plugins compatible for Editor in 0.47 ms, found 3 plugins.
Preloading 0 native plugins for Editor in 0.00 ms.
Mono: successfully reloaded assembly
- Completed reload, in  0.964 seconds
Domain Reload Profiling:
	ReloadAssembly (964ms)
		BeginReloadAssembly (112ms)
			ExecutionOrderSort (0ms)
			DisableScriptedObjects (6ms)
			BackupInstance (0ms)
			ReleaseScriptingObjects (0ms)
			CreateAndSetChildDomain (30ms)
		EndReloadAssembly (798ms)
			LoadAssemblies (88ms)
			RebuildTransferFunctionScriptingTraits (0ms)
			SetupTypeCache (278ms)
			ReleaseScriptCaches (1ms)
			RebuildScriptCaches (41ms)
			SetupLoadedEditorAssemblies (294ms)
				LogAssemblyErrors (0ms)
				InitializePlatformSupportModulesInManaged (5ms)
				SetLoadedEditorAssemblies (0ms)
				RefreshPlugins (1ms)
				BeforeProcessingInitializeOnLoad (81ms)
				ProcessInitializeOnLoadAttributes (195ms)
				ProcessInitializeOnLoadMethodAttributes (10ms)
				AfterProcessingInitializeOnLoad (2ms)
				EditorAssembliesLoaded (0ms)
			ExecutionOrderSort2 (0ms)
			AwakeInstancesAfterBackupRestoration (8ms)
Platform modules already initialized, skipping
Refreshing native plugins compatible for Editor in 0.47 ms, found 3 plugins.
Preloading 0 native plugins for Editor in 0.00 ms.
Unloading 2345 Unused Serialized files (Serialized files now loaded: 0)
System memory in use before: 103.6 MB.
System memory in use after: 103.8 MB.

Unloading 18 unused Assets to reduce memory usage. Loaded Objects now: 2822.
Total: 2.726600 ms (FindLiveObjects: 0.181400 ms CreateObjectMapping: 0.104900 ms MarkObjects: 2.423900 ms  DeleteObjects: 0.015300 ms)

AssetImportParameters requested are different than current active one (requested -> active):
  custom:framework-win-MediaFoundation: 216162199b28c13a410421893ffa2e32 -> 
  custom:video-decoder-ogg-theora: a1e56fd34408186e4bbccfd4996cb3dc -> 
  custom:container-muxer-webm: aa71ff27fc2769a1b78a27578f13a17b -> 
  custom:container-demuxer-webm: 4f35f7cbe854078d1ac9338744f61a02 -> 
  custom:container-demuxer-ogg: 62fdf1f143b41e24485cea50d1cbac27 -> 
  custom:video-encoder-webm-vp8: eb34c28f22e8b96e1ab97ce403110664 -> 
  custom:video-decoder-webm-vp8: 9c59270c3fd7afecdb556c50c9e8de78 -> 
  custom:audio-decoder-ogg-vorbis: bf7c407c2cedff20999df2af8eb42d56 -> 
  custom:audio-encoder-webm-vorbis: bf7c407c2cedff20999df2af8eb42d56 -> 
========================================================================
Received Prepare
Registering precompiled user dll's ...
Registered in 0.005682 seconds.
Begin MonoManager ReloadAssembly
Native extension for WindowsStandalone target not found
Native extension for WebGL target not found
Refreshing native plugins compatible for Editor in 0.46 ms, found 3 plugins.
Preloading 0 native plugins for Editor in 0.00 ms.
Mono: successfully reloaded assembly
- Completed reload, in  0.966 seconds
Domain Reload Profiling:
	ReloadAssembly (966ms)
		BeginReloadAssembly (110ms)
			ExecutionOrderSort (0ms)
			DisableScriptedObjects (6ms)
			BackupInstance (0ms)
			ReleaseScriptingObjects (0ms)
			CreateAndSetChildDomain (29ms)
		EndReloadAssembly (802ms)
			LoadAssemblies (89ms)
			RebuildTransferFunctionScriptingTraits (0ms)
			SetupTypeCache (279ms)
			ReleaseScriptCaches (1ms)
			RebuildScriptCaches (43ms)
			SetupLoadedEditorAssemblies (295ms)
				LogAssemblyErrors (0ms)
				InitializePlatformSupportModulesInManaged (5ms)
				SetLoadedEditorAssemblies (0ms)
				RefreshPlugins (1ms)
				BeforeProcessingInitializeOnLoad (81ms)
				ProcessInitializeOnLoadAttributes (195ms)
				ProcessInitializeOnLoadMethodAttributes (10ms)
				AfterProcessingInitializeOnLoad (3ms)
				EditorAssembliesLoaded (0ms)
			ExecutionOrderSort2 (0ms)
			AwakeInstancesAfterBackupRestoration (8ms)
Platform modules already initialized, skipping
Refreshing native plugins compatible for Editor in 0.46 ms, found 3 plugins.
Preloading 0 native plugins for Editor in 0.00 ms.
Unloading 2345 Unused Serialized files (Serialized files now loaded: 0)
System memory in use before: 103.7 MB.
System memory in use after: 103.9 MB.

Unloading 18 unused Assets to reduce memory usage. Loaded Objects now: 2824.
Total: 2.859100 ms (FindLiveObjects: 0.167900 ms CreateObjectMapping: 0.089200 ms MarkObjects: 2.586400 ms  DeleteObjects: 0.015100 ms)

AssetImportParameters requested are different than current active one (requested -> active):
  custom:framework-win-MediaFoundation: 216162199b28c13a410421893ffa2e32 -> 
  custom:video-decoder-ogg-theora: a1e56fd34408186e4bbccfd4996cb3dc -> 
  custom:container-muxer-webm: aa71ff27fc2769a1b78a27578f13a17b -> 
  custom:container-demuxer-webm: 4f35f7cbe854078d1ac9338744f61a02 -> 
  custom:container-demuxer-ogg: 62fdf1f143b41e24485cea50d1cbac27 -> 
  custom:video-encoder-webm-vp8: eb34c28f22e8b96e1ab97ce403110664 -> 
  custom:video-decoder-webm-vp8: 9c59270c3fd7afecdb556c50c9e8de78 -> 
  custom:audio-decoder-ogg-vorbis: bf7c407c2cedff20999df2af8eb42d56 -> 
  custom:audio-encoder-webm-vorbis: bf7c407c2cedff20999df2af8eb42d56 -> 
========================================================================
Received Prepare
Registering precompiled user dll's ...
Registered in 0.005745 seconds.
Begin MonoManager ReloadAssembly
Native extension for WindowsStandalone target not found
Native extension for WebGL target not found
Refreshing native plugins compatible for Editor in 0.46 ms, found 3 plugins.
Preloading 0 native plugins for Editor in 0.00 ms.
Mono: successfully reloaded assembly
- Completed reload, in  0.988 seconds
Domain Reload Profiling:
	ReloadAssembly (988ms)
		BeginReloadAssembly (99ms)
			ExecutionOrderSort (0ms)
			DisableScriptedObjects (6ms)
			BackupInstance (0ms)
			ReleaseScriptingObjects (0ms)
			CreateAndSetChildDomain (30ms)
		EndReloadAssembly (835ms)
			LoadAssemblies (88ms)
			RebuildTransferFunctionScriptingTraits (0ms)
			SetupTypeCache (289ms)
			ReleaseScriptCaches (1ms)
			RebuildScriptCaches (41ms)
			SetupLoadedEditorAssemblies (296ms)
				LogAssemblyErrors (0ms)
				InitializePlatformSupportModulesInManaged (5ms)
				SetLoadedEditorAssemblies (0ms)
				RefreshPlugins (1ms)
				BeforeProcessingInitializeOnLoad (80ms)
				ProcessInitializeOnLoadAttributes (198ms)
				ProcessInitializeOnLoadMethodAttributes (10ms)
				AfterProcessingInitializeOnLoad (2ms)
				EditorAssembliesLoaded (0ms)
			ExecutionOrderSort2 (0ms)
			AwakeInstancesAfterBackupRestoration (8ms)
Platform modules already initialized, skipping
Refreshing native plugins compatible for Editor in 0.46 ms, found 3 plugins.
Preloading 0 native plugins for Editor in 0.00 ms.
Unloading 2345 Unused Serialized files (Serialized files now loaded: 0)
System memory in use before: 103.7 MB.
System memory in use after: 103.9 MB.

Unloading 18 unused Assets to reduce memory usage. Loaded Objects now: 2826.
Total: 2.767300 ms (FindLiveObjects: 0.170600 ms CreateObjectMapping: 0.095600 ms MarkObjects: 2.486200 ms  DeleteObjects: 0.014200 ms)

AssetImportParameters requested are different than current active one (requested -> active):
  custom:framework-win-MediaFoundation: 216162199b28c13a410421893ffa2e32 -> 
  custom:video-decoder-ogg-theora: a1e56fd34408186e4bbccfd4996cb3dc -> 
  custom:container-muxer-webm: aa71ff27fc2769a1b78a27578f13a17b -> 
  custom:container-demuxer-webm: 4f35f7cbe854078d1ac9338744f61a02 -> 
  custom:container-demuxer-ogg: 62fdf1f143b41e24485cea50d1cbac27 -> 
  custom:video-encoder-webm-vp8: eb34c28f22e8b96e1ab97ce403110664 -> 
  custom:video-decoder-webm-vp8: 9c59270c3fd7afecdb556c50c9e8de78 -> 
  custom:audio-decoder-ogg-vorbis: bf7c407c2cedff20999df2af8eb42d56 -> 
  custom:audio-encoder-webm-vorbis: bf7c407c2cedff20999df2af8eb42d56 -> 
========================================================================
Received Prepare
Registering precompiled user dll's ...
Registered in 0.005888 seconds.
Begin MonoManager ReloadAssembly
Native extension for WindowsStandalone target not found
Native extension for WebGL target not found
Refreshing native plugins compatible for Editor in 0.49 ms, found 3 plugins.
Preloading 0 native plugins for Editor in 0.00 ms.
Mono: successfully reloaded assembly
- Completed reload, in  0.973 seconds
Domain Reload Profiling:
	ReloadAssembly (974ms)
		BeginReloadAssembly (113ms)
			ExecutionOrderSort (0ms)
			DisableScriptedObjects (6ms)
			BackupInstance (0ms)
			ReleaseScriptingObjects (0ms)
			CreateAndSetChildDomain (29ms)
		EndReloadAssembly (808ms)
			LoadAssemblies (91ms)
			RebuildTransferFunctionScriptingTraits (0ms)
			SetupTypeCache (281ms)
			ReleaseScriptCaches (1ms)
			RebuildScriptCaches (41ms)
			SetupLoadedEditorAssemblies (299ms)
				LogAssemblyErrors (0ms)
				InitializePlatformSupportModulesInManaged (5ms)
				SetLoadedEditorAssemblies (1ms)
				RefreshPlugins (1ms)
				BeforeProcessingInitializeOnLoad (81ms)
				ProcessInitializeOnLoadAttributes (198ms)
				ProcessInitializeOnLoadMethodAttributes (10ms)
				AfterProcessingInitializeOnLoad (2ms)
				EditorAssembliesLoaded (0ms)
			ExecutionOrderSort2 (0ms)
			AwakeInstancesAfterBackupRestoration (8ms)
Platform modules already initialized, skipping
Refreshing native plugins compatible for Editor in 0.46 ms, found 3 plugins.
Preloading 0 native plugins for Editor in 0.00 ms.
Unloading 2345 Unused Serialized files (Serialized files now loaded: 0)
System memory in use before: 103.7 MB.
System memory in use after: 104.0 MB.

Unloading 18 unused Assets to reduce memory usage. Loaded Objects now: 2828.
Total: 2.731600 ms (FindLiveObjects: 0.173200 ms CreateObjectMapping: 0.099700 ms MarkObjects: 2.444200 ms  DeleteObjects: 0.013800 ms)

AssetImportParameters requested are different than current active one (requested -> active):
  custom:framework-win-MediaFoundation: 216162199b28c13a410421893ffa2e32 -> 
  custom:video-decoder-ogg-theora: a1e56fd34408186e4bbccfd4996cb3dc -> 
  custom:container-muxer-webm: aa71ff27fc2769a1b78a27578f13a17b -> 
  custom:container-demuxer-webm: 4f35f7cbe854078d1ac9338744f61a02 -> 
  custom:container-demuxer-ogg: 62fdf1f143b41e24485cea50d1cbac27 -> 
  custom:video-encoder-webm-vp8: eb34c28f22e8b96e1ab97ce403110664 -> 
  custom:video-decoder-webm-vp8: 9c59270c3fd7afecdb556c50c9e8de78 -> 
  custom:audio-decoder-ogg-vorbis: bf7c407c2cedff20999df2af8eb42d56 -> 
  custom:audio-encoder-webm-vorbis: bf7c407c2cedff20999df2af8eb42d56 -> 
========================================================================
Received Prepare
Registering precompiled user dll's ...
Registered in 0.005832 seconds.
Begin MonoManager ReloadAssembly
Native extension for WindowsStandalone target not found
Native extension for WebGL target not found
Refreshing native plugins compatible for Editor in 0.46 ms, found 3 plugins.
Preloading 0 native plugins for Editor in 0.00 ms.
Mono: successfully reloaded assembly
- Completed reload, in  0.972 seconds
Domain Reload Profiling:
	ReloadAssembly (973ms)
		BeginReloadAssembly (104ms)
			ExecutionOrderSort (0ms)
			DisableScriptedObjects (6ms)
			BackupInstance (0ms)
			ReleaseScriptingObjects (0ms)
			CreateAndSetChildDomain (30ms)
		EndReloadAssembly (815ms)
			LoadAssemblies (89ms)
			RebuildTransferFunctionScriptingTraits (0ms)
			SetupTypeCache (289ms)
			ReleaseScriptCaches (1ms)
			RebuildScriptCaches (42ms)
			SetupLoadedEditorAssemblies (299ms)
				LogAssemblyErrors (0ms)
				InitializePlatformSupportModulesInManaged (5ms)
				SetLoadedEditorAssemblies (0ms)
				RefreshPlugins (1ms)
				BeforeProcessingInitializeOnLoad (81ms)
				ProcessInitializeOnLoadAttributes (200ms)
				ProcessInitializeOnLoadMethodAttributes (10ms)
				AfterProcessingInitializeOnLoad (2ms)
				EditorAssembliesLoaded (0ms)
			ExecutionOrderSort2 (0ms)
			AwakeInstancesAfterBackupRestoration (8ms)
Platform modules already initialized, skipping
Refreshing native plugins compatible for Editor in 0.53 ms, found 3 plugins.
Preloading 0 native plugins for Editor in 0.00 ms.
Unloading 2345 Unused Serialized files (Serialized files now loaded: 0)
System memory in use before: 103.7 MB.
System memory in use after: 104.0 MB.

Unloading 18 unused Assets to reduce memory usage. Loaded Objects now: 2830.
Total: 2.877400 ms (FindLiveObjects: 0.167100 ms CreateObjectMapping: 0.094000 ms MarkObjects: 2.600200 ms  DeleteObjects: 0.015000 ms)

AssetImportParameters requested are different than current active one (requested -> active):
  custom:framework-win-MediaFoundation: 216162199b28c13a410421893ffa2e32 -> 
  custom:video-decoder-ogg-theora: a1e56fd34408186e4bbccfd4996cb3dc -> 
  custom:container-muxer-webm: aa71ff27fc2769a1b78a27578f13a17b -> 
  custom:container-demuxer-webm: 4f35f7cbe854078d1ac9338744f61a02 -> 
  custom:container-demuxer-ogg: 62fdf1f143b41e24485cea50d1cbac27 -> 
  custom:video-encoder-webm-vp8: eb34c28f22e8b96e1ab97ce403110664 -> 
  custom:video-decoder-webm-vp8: 9c59270c3fd7afecdb556c50c9e8de78 -> 
  custom:audio-decoder-ogg-vorbis: bf7c407c2cedff20999df2af8eb42d56 -> 
  custom:audio-encoder-webm-vorbis: bf7c407c2cedff20999df2af8eb42d56 -> 
========================================================================
Received Import Request.
  Time since last request: 940.387827 seconds.
  path: Assets/Player/Scripts
  artifactKey: Guid(9b7b349bb4a352c4eafa4bae0d68541d) Importer(815301076,1909f56bfc062723c751e8b465ee728b)
Start importing Assets/Player/Scripts using Guid(9b7b349bb4a352c4eafa4bae0d68541d) Importer(815301076,1909f56bfc062723c751e8b465ee728b)  -> (artifact id: 'd647b0fde3e68dfc98242113014e85a5') in 0.027829 seconds 
  Import took 0.031538 seconds .

========================================================================
Received Import Request.
  Time since last request: 2.948375 seconds.
  path: Assets/Player/Scripts/PlayerStateIdle.cs
  artifactKey: Guid(cbe00ccb6ed9079448bc9ca0b6589e7f) Importer(815301076,1909f56bfc062723c751e8b465ee728b)
Start importing Assets/Player/Scripts/PlayerStateIdle.cs using Guid(cbe00ccb6ed9079448bc9ca0b6589e7f) Importer(815301076,1909f56bfc062723c751e8b465ee728b)  -> (artifact id: '49c6fc34f5ee3fae2f908f51183292be') in 0.024581 seconds 
  Import took 0.027858 seconds .

========================================================================
Received Import Request.
  Time since last request: 0.366459 seconds.
  path: Assets/Player/Scripts/PlayerStateManager.cs
  artifactKey: Guid(cb103cb5268cd9841bb393750785e660) Importer(815301076,1909f56bfc062723c751e8b465ee728b)
Start importing Assets/Player/Scripts/PlayerStateManager.cs using Guid(cb103cb5268cd9841bb393750785e660) Importer(815301076,1909f56bfc062723c751e8b465ee728b)  -> (artifact id: '3ecb973b2dd0fd7d115bfecaa21624e0') in 0.024741 seconds 
  Import took 0.028239 seconds .

========================================================================
Received Import Request.
  Time since last request: 0.382465 seconds.
  path: Assets/Player/Scripts/PlayerStateMoving.cs
  artifactKey: Guid(ec14f9da365dee94d9b089eede92ad51) Importer(815301076,1909f56bfc062723c751e8b465ee728b)
Start importing Assets/Player/Scripts/PlayerStateMoving.cs using Guid(ec14f9da365dee94d9b089eede92ad51) Importer(815301076,1909f56bfc062723c751e8b465ee728b)  -> (artifact id: 'b9de9901b626cb3585e64150f5e2a3ec') in 0.025850 seconds 
  Import took 0.029113 seconds .

========================================================================
Received Import Request.
  Time since last request: 46.134611 seconds.
  path: Assets/Mockup
  artifactKey: Guid(ae5998dee44017747a9cd391f723a6fa) Importer(815301076,1909f56bfc062723c751e8b465ee728b)
Start importing Assets/Mockup using Guid(ae5998dee44017747a9cd391f723a6fa) Importer(815301076,1909f56bfc062723c751e8b465ee728b)  -> (artifact id: 'd9404c175797d0232ad5c112930c4ed2') in 0.025231 seconds 
  Import took 0.028733 seconds .

========================================================================
Received Import Request.
  Time since last request: 0.911968 seconds.
  path: Assets/Prefabs
  artifactKey: Guid(1c3b1da46c9537e46b0624f2694ccffa) Importer(815301076,1909f56bfc062723c751e8b465ee728b)
Start importing Assets/Prefabs using Guid(1c3b1da46c9537e46b0624f2694ccffa) Importer(815301076,1909f56bfc062723c751e8b465ee728b)  -> (artifact id: '15194eac32a8a0bccadeaf368a0c1b1f') in 0.024866 seconds 
  Import took 0.028570 seconds .

========================================================================
Received Import Request.
  Time since last request: 0.286273 seconds.
  path: Assets/Scritps
  artifactKey: Guid(2ac26b86b59ddfc478cf380b96bf75ff) Importer(815301076,1909f56bfc062723c751e8b465ee728b)
Start importing Assets/Scritps using Guid(2ac26b86b59ddfc478cf380b96bf75ff) Importer(815301076,1909f56bfc062723c751e8b465ee728b)  -> (artifact id: '5d5c0e4d842baa2d52ad09b7741c093a') in 0.025965 seconds 
  Import took 0.029330 seconds .

========================================================================
Received Import Request.
  Time since last request: 1.817976 seconds.
  path: Assets/Sprites
  artifactKey: Guid(4fe92a155ae741f4ebf756fec51bfe4c) Importer(815301076,1909f56bfc062723c751e8b465ee728b)
Start importing Assets/Sprites using Guid(4fe92a155ae741f4ebf756fec51bfe4c) Importer(815301076,1909f56bfc062723c751e8b465ee728b)  -> (artifact id: '57ccf072a3dcb0eb6a4f42af718c652d') in 0.023908 seconds 
  Import took 0.027166 seconds .

========================================================================
Received Import Request.
  Time since last request: 114.166292 seconds.
  path: Assets/Sprites/partes5.png
  artifactKey: Guid(7134028fe56c99b43aa4f5c6e0e601cb) Importer(815301076,1909f56bfc062723c751e8b465ee728b)
Start importing Assets/Sprites/partes5.png using Guid(7134028fe56c99b43aa4f5c6e0e601cb) Importer(815301076,1909f56bfc062723c751e8b465ee728b)  -> (artifact id: 'a3b75339bcf551aafd88ecc706b3dbe4') in 0.067619 seconds 
  Import took 0.071196 seconds .

========================================================================
Received Import Request.
  Time since last request: 23.166231 seconds.
  path: Assets/Sprites/partes5.png
  artifactKey: Guid(7134028fe56c99b43aa4f5c6e0e601cb) Importer(815301076,1909f56bfc062723c751e8b465ee728b)
Start importing Assets/Sprites/partes5.png using Guid(7134028fe56c99b43aa4f5c6e0e601cb) Importer(815301076,1909f56bfc062723c751e8b465ee728b)  -> (artifact id: 'dd9905657af55460f8d929a59b0934d0') in 0.035323 seconds 
  Import took 0.038776 seconds .

========================================================================
Received Import Request.
  Time since last request: 77.213718 seconds.
  path: Assets/Sprites/partes6.png
  artifactKey: Guid(665da5699bd3ec545af3442d604c94bc) Importer(815301076,1909f56bfc062723c751e8b465ee728b)
Start importing Assets/Sprites/partes6.png using Guid(665da5699bd3ec545af3442d604c94bc) Importer(815301076,1909f56bfc062723c751e8b465ee728b)  -> (artifact id: '34113f11e2732ab346e2f1bf50cd3d4f') in 0.030722 seconds 
  Import took 0.034312 seconds .

========================================================================
Received Prepare
Registering precompiled user dll's ...
Registered in 0.006941 seconds.
Begin MonoManager ReloadAssembly
Native extension for WindowsStandalone target not found
Native extension for WebGL target not found
Refreshing native plugins compatible for Editor in 0.54 ms, found 3 plugins.
Preloading 0 native plugins for Editor in 0.00 ms.
Mono: successfully reloaded assembly
- Completed reload, in  1.216 seconds
Domain Reload Profiling:
	ReloadAssembly (1216ms)
		BeginReloadAssembly (127ms)
			ExecutionOrderSort (0ms)
			DisableScriptedObjects (8ms)
			BackupInstance (0ms)
			ReleaseScriptingObjects (0ms)
			CreateAndSetChildDomain (39ms)
		EndReloadAssembly (1020ms)
			LoadAssemblies (115ms)
			RebuildTransferFunctionScriptingTraits (0ms)
			SetupTypeCache (374ms)
			ReleaseScriptCaches (1ms)
			RebuildScriptCaches (54ms)
			SetupLoadedEditorAssemblies (359ms)
				LogAssemblyErrors (0ms)
				InitializePlatformSupportModulesInManaged (6ms)
				SetLoadedEditorAssemblies (1ms)
				RefreshPlugins (1ms)
				BeforeProcessingInitializeOnLoad (96ms)
				ProcessInitializeOnLoadAttributes (240ms)
				ProcessInitializeOnLoadMethodAttributes (12ms)
				AfterProcessingInitializeOnLoad (3ms)
				EditorAssembliesLoaded (0ms)
			ExecutionOrderSort2 (0ms)
			AwakeInstancesAfterBackupRestoration (10ms)
Platform modules already initialized, skipping
Refreshing native plugins compatible for Editor in 0.71 ms, found 3 plugins.
Preloading 0 native plugins for Editor in 0.00 ms.
Unloading 2345 Unused Serialized files (Serialized files now loaded: 0)
System memory in use before: 103.7 MB.
System memory in use after: 103.9 MB.

Unloading 18 unused Assets to reduce memory usage. Loaded Objects now: 2833.
Total: 3.364200 ms (FindLiveObjects: 0.219700 ms CreateObjectMapping: 0.183900 ms MarkObjects: 2.942100 ms  DeleteObjects: 0.017300 ms)

AssetImportParameters requested are different than current active one (requested -> active):
  custom:framework-win-MediaFoundation: 216162199b28c13a410421893ffa2e32 -> 
  custom:video-decoder-ogg-theora: a1e56fd34408186e4bbccfd4996cb3dc -> 
  custom:container-muxer-webm: aa71ff27fc2769a1b78a27578f13a17b -> 
  custom:container-demuxer-webm: 4f35f7cbe854078d1ac9338744f61a02 -> 
  custom:container-demuxer-ogg: 62fdf1f143b41e24485cea50d1cbac27 -> 
  custom:video-encoder-webm-vp8: eb34c28f22e8b96e1ab97ce403110664 -> 
  custom:video-decoder-webm-vp8: 9c59270c3fd7afecdb556c50c9e8de78 -> 
  custom:audio-decoder-ogg-vorbis: bf7c407c2cedff20999df2af8eb42d56 -> 
  custom:audio-encoder-webm-vorbis: bf7c407c2cedff20999df2af8eb42d56 -> 
========================================================================
Received Import Request.
  Time since last request: 687.571832 seconds.
  path: Assets/Sprites/Mec1.png
  artifactKey: Guid(6719923ff009a514aa8ed1410c8174b0) Importer(815301076,1909f56bfc062723c751e8b465ee728b)
Start importing Assets/Sprites/Mec1.png using Guid(6719923ff009a514aa8ed1410c8174b0) Importer(815301076,1909f56bfc062723c751e8b465ee728b)  -> (artifact id: 'd451292188793526c791d2d98b1df940') in 0.084556 seconds 
  Import took 0.088787 seconds .

========================================================================
Received Import Request.
  Time since last request: 10.214666 seconds.
  path: Assets/Sprites/Mec1.png
  artifactKey: Guid(6719923ff009a514aa8ed1410c8174b0) Importer(815301076,1909f56bfc062723c751e8b465ee728b)
Start importing Assets/Sprites/Mec1.png using Guid(6719923ff009a514aa8ed1410c8174b0) Importer(815301076,1909f56bfc062723c751e8b465ee728b)  -> (artifact id: '009815562b6bb837349b4831c9cdd2a6') in 0.033341 seconds 
  Import took 0.037101 seconds .

========================================================================
Received Import Request.
  Time since last request: 9.974759 seconds.
  path: Assets/Sprites/Mec1.png
  artifactKey: Guid(6719923ff009a514aa8ed1410c8174b0) Importer(815301076,1909f56bfc062723c751e8b465ee728b)
Start importing Assets/Sprites/Mec1.png using Guid(6719923ff009a514aa8ed1410c8174b0) Importer(815301076,1909f56bfc062723c751e8b465ee728b)  -> (artifact id: '770cb7defe39ca06cc0ac89c32d06388') in 0.044630 seconds 
  Import took 0.048009 seconds .

========================================================================
Received Import Request.
  Time since last request: 64.987680 seconds.
  path: Assets/Sprites/Mec1.png
  artifactKey: Guid(6719923ff009a514aa8ed1410c8174b0) Importer(815301076,1909f56bfc062723c751e8b465ee728b)
Start importing Assets/Sprites/Mec1.png using Guid(6719923ff009a514aa8ed1410c8174b0) Importer(815301076,1909f56bfc062723c751e8b465ee728b)  -> (artifact id: '5738c689bbb5018950b39a8275aa4914') in 0.050189 seconds 
  Import took 0.053524 seconds .

========================================================================
Received Import Request.
  Time since last request: 95.251429 seconds.
  path: Assets/Prefabs/FluidDispenser.prefab
  artifactKey: Guid(876794f9319f103439ad1b5fac9edb28) Importer(815301076,1909f56bfc062723c751e8b465ee728b)
Start importing Assets/Prefabs/FluidDispenser.prefab using Guid(876794f9319f103439ad1b5fac9edb28) Importer(815301076,1909f56bfc062723c751e8b465ee728b)  -> (artifact id: '4b4542b09c0dd4d532d534484d11ef98') in 0.051519 seconds 
  Import took 0.055294 seconds .

========================================================================
Received Import Request.
  Time since last request: 1.919990 seconds.
  path: Assets/Prefabs/Fluids
  artifactKey: Guid(0fe83b22c34c32a4c92c89151a5938de) Importer(815301076,1909f56bfc062723c751e8b465ee728b)
Start importing Assets/Prefabs/Fluids using Guid(0fe83b22c34c32a4c92c89151a5938de) Importer(815301076,1909f56bfc062723c751e8b465ee728b)  -> (artifact id: '29286178904a8a2041db06762143eaa8') in 0.026219 seconds 
  Import took 0.029476 seconds .

========================================================================
Received Import Request.
  Time since last request: 0.012977 seconds.
  path: Assets/Prefabs/Fluids/Mercury.prefab
  artifactKey: Guid(ca94559849744654f82f21079584fcf5) Importer(815301076,1909f56bfc062723c751e8b465ee728b)
Start importing Assets/Prefabs/Fluids/Mercury.prefab using Guid(ca94559849744654f82f21079584fcf5) Importer(815301076,1909f56bfc062723c751e8b465ee728b)  -> (artifact id: '622b33bde9de3b52d7c4fe4e572e0b30') in 0.030544 seconds 
  Import took 0.033942 seconds .

========================================================================
Received Import Request.
  Time since last request: 0.000290 seconds.
  path: Assets/Prefabs/Fluids/Water.prefab
  artifactKey: Guid(050bc36a54850944fa227d2000c52888) Importer(815301076,1909f56bfc062723c751e8b465ee728b)
Start importing Assets/Prefabs/Fluids/Water.prefab using Guid(050bc36a54850944fa227d2000c52888) Importer(815301076,1909f56bfc062723c751e8b465ee728b)  -> (artifact id: '1af574a2b430f7efb310cc42425bbe0b') in 0.031450 seconds 
  Import took 0.034642 seconds .

========================================================================
Received Import Request.
  Time since last request: 0.000279 seconds.
  path: Assets/Prefabs/Fluids/Oil.prefab
  artifactKey: Guid(bb8ab9952c76c9e4f8e4bf397f035cf7) Importer(815301076,1909f56bfc062723c751e8b465ee728b)
Start importing Assets/Prefabs/Fluids/Oil.prefab using Guid(bb8ab9952c76c9e4f8e4bf397f035cf7) Importer(815301076,1909f56bfc062723c751e8b465ee728b)  -> (artifact id: '8860def668c4572b7a5fb25187b77fb1') in 0.030148 seconds 
  Import took 0.033239 seconds .

========================================================================
Received Import Request.
  Time since last request: 95.891082 seconds.
  path: Assets/Prefabs/FluidDispenser.prefab
  artifactKey: Guid(876794f9319f103439ad1b5fac9edb28) Importer(815301076,1909f56bfc062723c751e8b465ee728b)
Start importing Assets/Prefabs/FluidDispenser.prefab using Guid(876794f9319f103439ad1b5fac9edb28) Importer(815301076,1909f56bfc062723c751e8b465ee728b)  -> (artifact id: '915233f04062fbd8d23b7a35966f9218') in 0.032798 seconds 
  Import took 0.036684 seconds .

========================================================================
Received Import Request.
  Time since last request: 9.899104 seconds.
  path: Assets/Prefabs/FluidDispenser.prefab
  artifactKey: Guid(876794f9319f103439ad1b5fac9edb28) Importer(815301076,1909f56bfc062723c751e8b465ee728b)
Start importing Assets/Prefabs/FluidDispenser.prefab using Guid(876794f9319f103439ad1b5fac9edb28) Importer(815301076,1909f56bfc062723c751e8b465ee728b)  -> (artifact id: '60d44f7a55d00e6ab4931f7fd5c49e8b') in 0.033888 seconds 
  Import took 0.037789 seconds .

========================================================================
Received Import Request.
  Time since last request: 11.651715 seconds.
  path: Assets/Prefabs/FluidDispenser.prefab
  artifactKey: Guid(876794f9319f103439ad1b5fac9edb28) Importer(815301076,1909f56bfc062723c751e8b465ee728b)
Start importing Assets/Prefabs/FluidDispenser.prefab using Guid(876794f9319f103439ad1b5fac9edb28) Importer(815301076,1909f56bfc062723c751e8b465ee728b)  -> (artifact id: '55b2a5d4e9d30a996e88845f6cbbd841') in 0.033264 seconds 
  Import took 0.037056 seconds .

========================================================================
Received Import Request.
  Time since last request: 412.839089 seconds.
  path: Assets/Prefabs/FluidDispenser.prefab
  artifactKey: Guid(876794f9319f103439ad1b5fac9edb28) Importer(815301076,1909f56bfc062723c751e8b465ee728b)
Start importing Assets/Prefabs/FluidDispenser.prefab using Guid(876794f9319f103439ad1b5fac9edb28) Importer(815301076,1909f56bfc062723c751e8b465ee728b)  -> (artifact id: 'a540fd743e9ddda75871faebb4f16cfd') in 0.036505 seconds 
  Import took 0.041649 seconds .

========================================================================
Received Prepare
Registering precompiled user dll's ...
Registered in 0.006069 seconds.
Begin MonoManager ReloadAssembly
Native extension for WindowsStandalone target not found
Native extension for WebGL target not found
Refreshing native plugins compatible for Editor in 0.50 ms, found 3 plugins.
Preloading 0 native plugins for Editor in 0.00 ms.
Mono: successfully reloaded assembly
- Completed reload, in  1.068 seconds
Domain Reload Profiling:
	ReloadAssembly (1068ms)
		BeginReloadAssembly (117ms)
			ExecutionOrderSort (0ms)
			DisableScriptedObjects (6ms)
			BackupInstance (0ms)
			ReleaseScriptingObjects (0ms)
			CreateAndSetChildDomain (32ms)
		EndReloadAssembly (897ms)
			LoadAssemblies (94ms)
			RebuildTransferFunctionScriptingTraits (0ms)
			SetupTypeCache (308ms)
			ReleaseScriptCaches (1ms)
			RebuildScriptCaches (45ms)
			SetupLoadedEditorAssemblies (325ms)
				LogAssemblyErrors (0ms)
				InitializePlatformSupportModulesInManaged (5ms)
				SetLoadedEditorAssemblies (1ms)
				RefreshPlugins (1ms)
				BeforeProcessingInitializeOnLoad (86ms)
				ProcessInitializeOnLoadAttributes (217ms)
				ProcessInitializeOnLoadMethodAttributes (11ms)
				AfterProcessingInitializeOnLoad (2ms)
				EditorAssembliesLoaded (0ms)
			ExecutionOrderSort2 (0ms)
			AwakeInstancesAfterBackupRestoration (10ms)
Platform modules already initialized, skipping
Refreshing native plugins compatible for Editor in 0.47 ms, found 3 plugins.
Preloading 0 native plugins for Editor in 0.00 ms.
Unloading 2345 Unused Serialized files (Serialized files now loaded: 0)
System memory in use before: 103.8 MB.
System memory in use after: 104.0 MB.

Unloading 18 unused Assets to reduce memory usage. Loaded Objects now: 2849.
Total: 2.899300 ms (FindLiveObjects: 0.187800 ms CreateObjectMapping: 0.103500 ms MarkObjects: 2.589200 ms  DeleteObjects: 0.017500 ms)

AssetImportParameters requested are different than current active one (requested -> active):
  custom:framework-win-MediaFoundation: 216162199b28c13a410421893ffa2e32 -> 
  custom:video-decoder-ogg-theora: a1e56fd34408186e4bbccfd4996cb3dc -> 
  custom:container-muxer-webm: aa71ff27fc2769a1b78a27578f13a17b -> 
  custom:container-demuxer-webm: 4f35f7cbe854078d1ac9338744f61a02 -> 
  custom:container-demuxer-ogg: 62fdf1f143b41e24485cea50d1cbac27 -> 
  custom:video-encoder-webm-vp8: eb34c28f22e8b96e1ab97ce403110664 -> 
  custom:video-decoder-webm-vp8: 9c59270c3fd7afecdb556c50c9e8de78 -> 
  custom:audio-decoder-ogg-vorbis: bf7c407c2cedff20999df2af8eb42d56 -> 
  custom:audio-encoder-webm-vorbis: bf7c407c2cedff20999df2af8eb42d56 -> 
========================================================================
Received Import Request.
  Time since last request: 1075.338414 seconds.
  path: Assets/Sprites/FDSprites.png
  artifactKey: Guid(6719923ff009a514aa8ed1410c8174b0) Importer(815301076,1909f56bfc062723c751e8b465ee728b)
Start importing Assets/Sprites/FDSprites.png using Guid(6719923ff009a514aa8ed1410c8174b0) Importer(815301076,1909f56bfc062723c751e8b465ee728b)  -> (artifact id: 'eb8e723a47c2ce586927fa68e5c237d4') in 0.086853 seconds 
  Import took 0.091154 seconds .

========================================================================
Received Import Request.
  Time since last request: 7.071283 seconds.
  path: Assets/Sprites/Vial.png
  artifactKey: Guid(d91aa6147843e2c41a588d86fab62c92) Importer(815301076,1909f56bfc062723c751e8b465ee728b)
Start importing Assets/Sprites/Vial.png using Guid(d91aa6147843e2c41a588d86fab62c92) Importer(815301076,1909f56bfc062723c751e8b465ee728b)  -> (artifact id: 'db4959973366d3f38f621e60135956c4') in 0.032952 seconds 
  Import took 0.036637 seconds .

========================================================================
Received Import Request.
  Time since last request: 9.630272 seconds.
  path: Assets/Sprites/Vial.png
  artifactKey: Guid(d91aa6147843e2c41a588d86fab62c92) Importer(815301076,1909f56bfc062723c751e8b465ee728b)
Start importing Assets/Sprites/Vial.png using Guid(d91aa6147843e2c41a588d86fab62c92) Importer(815301076,1909f56bfc062723c751e8b465ee728b)  -> (artifact id: '7c212cdff40545f83b5771e2444b8d42') in 0.030234 seconds 
  Import took 0.033839 seconds .

========================================================================
Received Import Request.
  Time since last request: 6.293165 seconds.
  path: Assets/Sprites/Vial.png
  artifactKey: Guid(d91aa6147843e2c41a588d86fab62c92) Importer(815301076,1909f56bfc062723c751e8b465ee728b)
Start importing Assets/Sprites/Vial.png using Guid(d91aa6147843e2c41a588d86fab62c92) Importer(815301076,1909f56bfc062723c751e8b465ee728b)  -> (artifact id: '31c3a2a84f2e022b6ce9f962948da767') in 0.030154 seconds 
  Import took 0.033787 seconds .

========================================================================
Received Import Request.
  Time since last request: 38.508878 seconds.
  path: Assets/Sprites/Vial.png
  artifactKey: Guid(d91aa6147843e2c41a588d86fab62c92) Importer(815301076,1909f56bfc062723c751e8b465ee728b)
Start importing Assets/Sprites/Vial.png using Guid(d91aa6147843e2c41a588d86fab62c92) Importer(815301076,1909f56bfc062723c751e8b465ee728b)  -> (artifact id: '277b9ccfeb57208be25d611ac08eeb6f') in 0.038489 seconds 
  Import took 0.042132 seconds .

========================================================================
Received Import Request.
  Time since last request: 5.521798 seconds.
  path: Assets/Prefabs/Powders/Arsenic.prefab
  artifactKey: Guid(2e55a5d420008cc4f976e9e444c96f14) Importer(815301076,1909f56bfc062723c751e8b465ee728b)
Start importing Assets/Prefabs/Powders/Arsenic.prefab using Guid(2e55a5d420008cc4f976e9e444c96f14) Importer(815301076,1909f56bfc062723c751e8b465ee728b)  -> (artifact id: '874bb2f4abb4b9173aee9ec0c9853c98') in 0.048294 seconds 
  Import took 0.052250 seconds .

========================================================================
Received Import Request.
  Time since last request: 0.000297 seconds.
  path: Assets/Prefabs/Powders/Salt.prefab
  artifactKey: Guid(8048541eedabcc14185849a5aaaf4cf3) Importer(815301076,1909f56bfc062723c751e8b465ee728b)
Start importing Assets/Prefabs/Powders/Salt.prefab using Guid(8048541eedabcc14185849a5aaaf4cf3) Importer(815301076,1909f56bfc062723c751e8b465ee728b)  -> (artifact id: '1702fdc17b2bdd583c504492bec90402') in 0.034873 seconds 
  Import took 0.038215 seconds .

========================================================================
Received Import Request.
  Time since last request: 0.000286 seconds.
  path: Assets/Prefabs/Powders/Phos.prefab
  artifactKey: Guid(c48ffa1c5c05c9b44b58ef0981e456db) Importer(815301076,1909f56bfc062723c751e8b465ee728b)
Start importing Assets/Prefabs/Powders/Phos.prefab using Guid(c48ffa1c5c05c9b44b58ef0981e456db) Importer(815301076,1909f56bfc062723c751e8b465ee728b)  -> (artifact id: '98ecb343b0e6b9bc796cb57fb3fca068') in 0.033546 seconds 
  Import took 0.037062 seconds .

========================================================================
Received Import Request.
  Time since last request: 14.625990 seconds.
  path: Assets/Prefabs/Vial.prefab
  artifactKey: Guid(755b9ad75ade25a408f88f51d19eb1c2) Importer(815301076,1909f56bfc062723c751e8b465ee728b)
Start importing Assets/Prefabs/Vial.prefab using Guid(755b9ad75ade25a408f88f51d19eb1c2) Importer(815301076,1909f56bfc062723c751e8b465ee728b)  -> (artifact id: '044908aa061ca1f1e85b1831e0ad9822') in 0.033998 seconds 
  Import took 0.038519 seconds .

========================================================================
Received Import Request.
  Time since last request: 3.622502 seconds.
  path: Assets/Prefabs/Vial.prefab
  artifactKey: Guid(755b9ad75ade25a408f88f51d19eb1c2) Importer(815301076,1909f56bfc062723c751e8b465ee728b)
Start importing Assets/Prefabs/Vial.prefab using Guid(755b9ad75ade25a408f88f51d19eb1c2) Importer(815301076,1909f56bfc062723c751e8b465ee728b)  -> (artifact id: '0e01b45c364a7c7274bc708efa6b9440') in 0.029922 seconds 
  Import took 0.034189 seconds .

========================================================================
Received Prepare
Registering precompiled user dll's ...
Registered in 0.005737 seconds.
Begin MonoManager ReloadAssembly
Native extension for WindowsStandalone target not found
Native extension for WebGL target not found
Refreshing native plugins compatible for Editor in 0.46 ms, found 3 plugins.
Preloading 0 native plugins for Editor in 0.00 ms.
Mono: successfully reloaded assembly
- Completed reload, in  0.978 seconds
Domain Reload Profiling:
	ReloadAssembly (978ms)
		BeginReloadAssembly (108ms)
			ExecutionOrderSort (0ms)
			DisableScriptedObjects (6ms)
			BackupInstance (0ms)
			ReleaseScriptingObjects (0ms)
			CreateAndSetChildDomain (31ms)
		EndReloadAssembly (810ms)
			LoadAssemblies (91ms)
			RebuildTransferFunctionScriptingTraits (0ms)
			SetupTypeCache (286ms)
			ReleaseScriptCaches (1ms)
			RebuildScriptCaches (42ms)
			SetupLoadedEditorAssemblies (296ms)
				LogAssemblyErrors (0ms)
				InitializePlatformSupportModulesInManaged (5ms)
				SetLoadedEditorAssemblies (1ms)
				RefreshPlugins (1ms)
				BeforeProcessingInitializeOnLoad (81ms)
				ProcessInitializeOnLoadAttributes (197ms)
				ProcessInitializeOnLoadMethodAttributes (10ms)
				AfterProcessingInitializeOnLoad (2ms)
				EditorAssembliesLoaded (0ms)
			ExecutionOrderSort2 (0ms)
			AwakeInstancesAfterBackupRestoration (8ms)
Platform modules already initialized, skipping
Refreshing native plugins compatible for Editor in 0.45 ms, found 3 plugins.
Preloading 0 native plugins for Editor in 0.00 ms.
Unloading 2345 Unused Serialized files (Serialized files now loaded: 0)
System memory in use before: 103.8 MB.
System memory in use after: 104.0 MB.

Unloading 20 unused Assets to reduce memory usage. Loaded Objects now: 2858.
Total: 2.858900 ms (FindLiveObjects: 0.177000 ms CreateObjectMapping: 0.106400 ms MarkObjects: 2.514500 ms  DeleteObjects: 0.060300 ms)

AssetImportParameters requested are different than current active one (requested -> active):
  custom:framework-win-MediaFoundation: 216162199b28c13a410421893ffa2e32 -> 
  custom:video-decoder-ogg-theora: a1e56fd34408186e4bbccfd4996cb3dc -> 
  custom:container-muxer-webm: aa71ff27fc2769a1b78a27578f13a17b -> 
  custom:container-demuxer-webm: 4f35f7cbe854078d1ac9338744f61a02 -> 
  custom:container-demuxer-ogg: 62fdf1f143b41e24485cea50d1cbac27 -> 
  custom:video-encoder-webm-vp8: eb34c28f22e8b96e1ab97ce403110664 -> 
  custom:video-decoder-webm-vp8: 9c59270c3fd7afecdb556c50c9e8de78 -> 
  custom:audio-decoder-ogg-vorbis: bf7c407c2cedff20999df2af8eb42d56 -> 
  custom:audio-encoder-webm-vorbis: bf7c407c2cedff20999df2af8eb42d56 -> 
========================================================================
Received Import Request.
  Time since last request: 666.694291 seconds.
  path: Assets/Sprites/PRUEBABKG.png
  artifactKey: Guid(1f719ecfb320ccb4a9d2b1cfadecf719) Importer(815301076,1909f56bfc062723c751e8b465ee728b)
Start importing Assets/Sprites/PRUEBABKG.png using Guid(1f719ecfb320ccb4a9d2b1cfadecf719) Importer(815301076,1909f56bfc062723c751e8b465ee728b)  -> (artifact id: 'cc238b6566a05b8f4dbb48b4c4c6d14a') in 0.077655 seconds 
  Import took 0.081332 seconds .

========================================================================
Received Import Request.
  Time since last request: 8.066166 seconds.
  path: Assets/Sprites/PRUEBABKG.png
  artifactKey: Guid(1f719ecfb320ccb4a9d2b1cfadecf719) Importer(815301076,1909f56bfc062723c751e8b465ee728b)
Start importing Assets/Sprites/PRUEBABKG.png using Guid(1f719ecfb320ccb4a9d2b1cfadecf719) Importer(815301076,1909f56bfc062723c751e8b465ee728b)  -> (artifact id: 'df280bde5a4d1a239053e73b410797c6') in 0.036488 seconds 
  Import took 0.040425 seconds .

========================================================================
Received Import Request.
  Time since last request: 58.072206 seconds.
  path: Assets/Prefabs/Vial.prefab
  artifactKey: Guid(755b9ad75ade25a408f88f51d19eb1c2) Importer(815301076,1909f56bfc062723c751e8b465ee728b)
Start importing Assets/Prefabs/Vial.prefab using Guid(755b9ad75ade25a408f88f51d19eb1c2) Importer(815301076,1909f56bfc062723c751e8b465ee728b)  -> (artifact id: '71d017736d479ad3d1126b844ddb1279') in 0.050784 seconds 
  Import took 0.054587 seconds .

========================================================================
Received Import Request.
  Time since last request: 1.942319 seconds.
  path: Assets/Scenes/NikezTest.unity
  artifactKey: Guid(b97a6c69415d5d34bb724fab4355d869) Importer(815301076,1909f56bfc062723c751e8b465ee728b)
Start importing Assets/Scenes/NikezTest.unity using Guid(b97a6c69415d5d34bb724fab4355d869) Importer(815301076,1909f56bfc062723c751e8b465ee728b)  -> (artifact id: 'abd58fe461ccf0038b4a11de294fcd3a') in 0.023951 seconds 
  Import took 0.027295 seconds .

========================================================================
Received Import Request.
  Time since last request: 96.399400 seconds.
  path: Assets/Sprites/volante_dispositivo.png
  artifactKey: Guid(1482367bbf2a11040a97dd6394439bec) Importer(815301076,1909f56bfc062723c751e8b465ee728b)
Start importing Assets/Sprites/volante_dispositivo.png using Guid(1482367bbf2a11040a97dd6394439bec) Importer(815301076,1909f56bfc062723c751e8b465ee728b)  -> (artifact id: 'a31267e88758863292e177c3c66d83a9') in 0.031155 seconds 
  Import took 0.034948 seconds .

========================================================================
Received Import Request.
  Time since last request: 22.593554 seconds.
  path: Assets/Sprites/volante_dispositivo.png
  artifactKey: Guid(1482367bbf2a11040a97dd6394439bec) Importer(815301076,1909f56bfc062723c751e8b465ee728b)
Start importing Assets/Sprites/volante_dispositivo.png using Guid(1482367bbf2a11040a97dd6394439bec) Importer(815301076,1909f56bfc062723c751e8b465ee728b)  -> (artifact id: '03700877d0779fbe539366b762d2f3be') in 0.035237 seconds 
  Import took 0.038466 seconds .

========================================================================
Received Import Request.
  Time since last request: 9.777454 seconds.
  path: Assets/Sprites/volante_dispositivo.png
  artifactKey: Guid(1482367bbf2a11040a97dd6394439bec) Importer(815301076,1909f56bfc062723c751e8b465ee728b)
Start importing Assets/Sprites/volante_dispositivo.png using Guid(1482367bbf2a11040a97dd6394439bec) Importer(815301076,1909f56bfc062723c751e8b465ee728b)  -> (artifact id: '3743bad3b9fe05d3f06dcde6e77231a1') in 0.029731 seconds 
  Import took 0.033653 seconds .

========================================================================
Received Import Request.
  Time since last request: 12.781945 seconds.
  path: Assets/Sprites/volante_dispositivo.png
  artifactKey: Guid(1482367bbf2a11040a97dd6394439bec) Importer(815301076,1909f56bfc062723c751e8b465ee728b)
Start importing Assets/Sprites/volante_dispositivo.png using Guid(1482367bbf2a11040a97dd6394439bec) Importer(815301076,1909f56bfc062723c751e8b465ee728b)  -> (artifact id: 'd00d149f115d697314af32d96e4c23c8') in 0.033514 seconds 
  Import took 0.037469 seconds .

========================================================================
Received Prepare
Registering precompiled user dll's ...
Registered in 0.005534 seconds.
Begin MonoManager ReloadAssembly
Native extension for WindowsStandalone target not found
Native extension for WebGL target not found
Refreshing native plugins compatible for Editor in 0.47 ms, found 3 plugins.
Preloading 0 native plugins for Editor in 0.00 ms.
Mono: successfully reloaded assembly
- Completed reload, in  0.963 seconds
Domain Reload Profiling:
	ReloadAssembly (963ms)
		BeginReloadAssembly (107ms)
			ExecutionOrderSort (0ms)
			DisableScriptedObjects (6ms)
			BackupInstance (0ms)
			ReleaseScriptingObjects (0ms)
			CreateAndSetChildDomain (31ms)
		EndReloadAssembly (803ms)
			LoadAssemblies (90ms)
			RebuildTransferFunctionScriptingTraits (0ms)
			SetupTypeCache (279ms)
			ReleaseScriptCaches (1ms)
			RebuildScriptCaches (43ms)
			SetupLoadedEditorAssemblies (295ms)
				LogAssemblyErrors (0ms)
				InitializePlatformSupportModulesInManaged (5ms)
				SetLoadedEditorAssemblies (1ms)
				RefreshPlugins (1ms)
				BeforeProcessingInitializeOnLoad (80ms)
				ProcessInitializeOnLoadAttributes (196ms)
				ProcessInitializeOnLoadMethodAttributes (10ms)
				AfterProcessingInitializeOnLoad (3ms)
				EditorAssembliesLoaded (0ms)
			ExecutionOrderSort2 (0ms)
			AwakeInstancesAfterBackupRestoration (8ms)
Platform modules already initialized, skipping
Refreshing native plugins compatible for Editor in 0.46 ms, found 3 plugins.
Preloading 0 native plugins for Editor in 0.00 ms.
Unloading 2345 Unused Serialized files (Serialized files now loaded: 0)
System memory in use before: 103.8 MB.
System memory in use after: 104.1 MB.

Unloading 18 unused Assets to reduce memory usage. Loaded Objects now: 2863.
Total: 2.864800 ms (FindLiveObjects: 0.189500 ms CreateObjectMapping: 0.146800 ms MarkObjects: 2.510000 ms  DeleteObjects: 0.017100 ms)

AssetImportParameters requested are different than current active one (requested -> active):
  custom:framework-win-MediaFoundation: 216162199b28c13a410421893ffa2e32 -> 
  custom:video-decoder-ogg-theora: a1e56fd34408186e4bbccfd4996cb3dc -> 
  custom:container-muxer-webm: aa71ff27fc2769a1b78a27578f13a17b -> 
  custom:container-demuxer-webm: 4f35f7cbe854078d1ac9338744f61a02 -> 
  custom:container-demuxer-ogg: 62fdf1f143b41e24485cea50d1cbac27 -> 
  custom:video-encoder-webm-vp8: eb34c28f22e8b96e1ab97ce403110664 -> 
  custom:video-decoder-webm-vp8: 9c59270c3fd7afecdb556c50c9e8de78 -> 
  custom:audio-decoder-ogg-vorbis: bf7c407c2cedff20999df2af8eb42d56 -> 
  custom:audio-encoder-webm-vorbis: bf7c407c2cedff20999df2af8eb42d56 -> 
========================================================================
Received Prepare
Registering precompiled user dll's ...
Registered in 0.005765 seconds.
Begin MonoManager ReloadAssembly
Native extension for WindowsStandalone target not found
Native extension for WebGL target not found
Refreshing native plugins compatible for Editor in 0.50 ms, found 3 plugins.
Preloading 0 native plugins for Editor in 0.00 ms.
Mono: successfully reloaded assembly
- Completed reload, in  0.962 seconds
Domain Reload Profiling:
	ReloadAssembly (963ms)
		BeginReloadAssembly (109ms)
			ExecutionOrderSort (0ms)
			DisableScriptedObjects (6ms)
			BackupInstance (0ms)
			ReleaseScriptingObjects (0ms)
			CreateAndSetChildDomain (29ms)
		EndReloadAssembly (800ms)
			LoadAssemblies (89ms)
			RebuildTransferFunctionScriptingTraits (0ms)
			SetupTypeCache (277ms)
			ReleaseScriptCaches (1ms)
			RebuildScriptCaches (42ms)
			SetupLoadedEditorAssemblies (297ms)
				LogAssemblyErrors (0ms)
				InitializePlatformSupportModulesInManaged (5ms)
				SetLoadedEditorAssemblies (0ms)
				RefreshPlugins (1ms)
				BeforeProcessingInitializeOnLoad (83ms)
				ProcessInitializeOnLoadAttributes (195ms)
				ProcessInitializeOnLoadMethodAttributes (10ms)
				AfterProcessingInitializeOnLoad (2ms)
				EditorAssembliesLoaded (0ms)
			ExecutionOrderSort2 (0ms)
			AwakeInstancesAfterBackupRestoration (8ms)
Platform modules already initialized, skipping
Refreshing native plugins compatible for Editor in 0.46 ms, found 3 plugins.
Preloading 0 native plugins for Editor in 0.00 ms.
Unloading 2345 Unused Serialized files (Serialized files now loaded: 0)
System memory in use before: 103.8 MB.
System memory in use after: 104.1 MB.

Unloading 18 unused Assets to reduce memory usage. Loaded Objects now: 2865.
Total: 2.862700 ms (FindLiveObjects: 0.177200 ms CreateObjectMapping: 0.097200 ms MarkObjects: 2.571300 ms  DeleteObjects: 0.015900 ms)

AssetImportParameters requested are different than current active one (requested -> active):
  custom:framework-win-MediaFoundation: 216162199b28c13a410421893ffa2e32 -> 
  custom:video-decoder-ogg-theora: a1e56fd34408186e4bbccfd4996cb3dc -> 
  custom:container-muxer-webm: aa71ff27fc2769a1b78a27578f13a17b -> 
  custom:container-demuxer-webm: 4f35f7cbe854078d1ac9338744f61a02 -> 
  custom:container-demuxer-ogg: 62fdf1f143b41e24485cea50d1cbac27 -> 
  custom:video-encoder-webm-vp8: eb34c28f22e8b96e1ab97ce403110664 -> 
  custom:video-decoder-webm-vp8: 9c59270c3fd7afecdb556c50c9e8de78 -> 
  custom:audio-decoder-ogg-vorbis: bf7c407c2cedff20999df2af8eb42d56 -> 
  custom:audio-encoder-webm-vorbis: bf7c407c2cedff20999df2af8eb42d56 -> 
========================================================================
Received Prepare
Registering precompiled user dll's ...
Registered in 0.005822 seconds.
Begin MonoManager ReloadAssembly
Native extension for WindowsStandalone target not found
Native extension for WebGL target not found
Refreshing native plugins compatible for Editor in 0.46 ms, found 3 plugins.
Preloading 0 native plugins for Editor in 0.00 ms.
Mono: successfully reloaded assembly
- Completed reload, in  0.948 seconds
Domain Reload Profiling:
	ReloadAssembly (948ms)
		BeginReloadAssembly (98ms)
			ExecutionOrderSort (0ms)
			DisableScriptedObjects (6ms)
			BackupInstance (0ms)
			ReleaseScriptingObjects (0ms)
			CreateAndSetChildDomain (28ms)
		EndReloadAssembly (797ms)
			LoadAssemblies (86ms)
			RebuildTransferFunctionScriptingTraits (0ms)
			SetupTypeCache (279ms)
			ReleaseScriptCaches (1ms)
			RebuildScriptCaches (42ms)
			SetupLoadedEditorAssemblies (292ms)
				LogAssemblyErrors (0ms)
				InitializePlatformSupportModulesInManaged (5ms)
				SetLoadedEditorAssemblies (0ms)
				RefreshPlugins (1ms)
				BeforeProcessingInitializeOnLoad (80ms)
				ProcessInitializeOnLoadAttributes (195ms)
				ProcessInitializeOnLoadMethodAttributes (10ms)
				AfterProcessingInitializeOnLoad (2ms)
				EditorAssembliesLoaded (0ms)
			ExecutionOrderSort2 (0ms)
			AwakeInstancesAfterBackupRestoration (8ms)
Platform modules already initialized, skipping
Refreshing native plugins compatible for Editor in 0.47 ms, found 3 plugins.
Preloading 0 native plugins for Editor in 0.00 ms.
Unloading 2345 Unused Serialized files (Serialized files now loaded: 0)
System memory in use before: 103.8 MB.
System memory in use after: 104.0 MB.

Unloading 18 unused Assets to reduce memory usage. Loaded Objects now: 2867.
Total: 2.911300 ms (FindLiveObjects: 0.177500 ms CreateObjectMapping: 0.091800 ms MarkObjects: 2.624700 ms  DeleteObjects: 0.016400 ms)

AssetImportParameters requested are different than current active one (requested -> active):
  custom:framework-win-MediaFoundation: 216162199b28c13a410421893ffa2e32 -> 
  custom:video-decoder-ogg-theora: a1e56fd34408186e4bbccfd4996cb3dc -> 
  custom:container-muxer-webm: aa71ff27fc2769a1b78a27578f13a17b -> 
  custom:container-demuxer-webm: 4f35f7cbe854078d1ac9338744f61a02 -> 
  custom:container-demuxer-ogg: 62fdf1f143b41e24485cea50d1cbac27 -> 
  custom:video-encoder-webm-vp8: eb34c28f22e8b96e1ab97ce403110664 -> 
  custom:video-decoder-webm-vp8: 9c59270c3fd7afecdb556c50c9e8de78 -> 
  custom:audio-decoder-ogg-vorbis: bf7c407c2cedff20999df2af8eb42d56 -> 
  custom:audio-encoder-webm-vorbis: bf7c407c2cedff20999df2af8eb42d56 -> 
========================================================================
Received Prepare
Registering precompiled user dll's ...
Registered in 0.005577 seconds.
Begin MonoManager ReloadAssembly
Native extension for WindowsStandalone target not found
Native extension for WebGL target not found
Refreshing native plugins compatible for Editor in 0.45 ms, found 3 plugins.
Preloading 0 native plugins for Editor in 0.00 ms.
Mono: successfully reloaded assembly
- Completed reload, in  0.981 seconds
Domain Reload Profiling:
	ReloadAssembly (982ms)
		BeginReloadAssembly (98ms)
			ExecutionOrderSort (0ms)
			DisableScriptedObjects (6ms)
			BackupInstance (0ms)
			ReleaseScriptingObjects (0ms)
			CreateAndSetChildDomain (29ms)
		EndReloadAssembly (829ms)
			LoadAssemblies (87ms)
			RebuildTransferFunctionScriptingTraits (0ms)
			SetupTypeCache (284ms)
			ReleaseScriptCaches (1ms)
			RebuildScriptCaches (42ms)
			SetupLoadedEditorAssemblies (322ms)
				LogAssemblyErrors (0ms)
				InitializePlatformSupportModulesInManaged (4ms)
				SetLoadedEditorAssemblies (0ms)
				RefreshPlugins (1ms)
				BeforeProcessingInitializeOnLoad (83ms)
				ProcessInitializeOnLoadAttributes (221ms)
				ProcessInitializeOnLoadMethodAttributes (10ms)
				AfterProcessingInitializeOnLoad (2ms)
				EditorAssembliesLoaded (0ms)
			ExecutionOrderSort2 (0ms)
			AwakeInstancesAfterBackupRestoration (8ms)
Platform modules already initialized, skipping
Refreshing native plugins compatible for Editor in 0.53 ms, found 3 plugins.
Preloading 0 native plugins for Editor in 0.00 ms.
Unloading 2345 Unused Serialized files (Serialized files now loaded: 0)
System memory in use before: 103.9 MB.
System memory in use after: 104.1 MB.

Unloading 18 unused Assets to reduce memory usage. Loaded Objects now: 2869.
Total: 3.067500 ms (FindLiveObjects: 0.184900 ms CreateObjectMapping: 0.093600 ms MarkObjects: 2.771500 ms  DeleteObjects: 0.016500 ms)

AssetImportParameters requested are different than current active one (requested -> active):
  custom:framework-win-MediaFoundation: 216162199b28c13a410421893ffa2e32 -> 
  custom:video-decoder-ogg-theora: a1e56fd34408186e4bbccfd4996cb3dc -> 
  custom:container-muxer-webm: aa71ff27fc2769a1b78a27578f13a17b -> 
  custom:container-demuxer-webm: 4f35f7cbe854078d1ac9338744f61a02 -> 
  custom:container-demuxer-ogg: 62fdf1f143b41e24485cea50d1cbac27 -> 
  custom:video-encoder-webm-vp8: eb34c28f22e8b96e1ab97ce403110664 -> 
  custom:video-decoder-webm-vp8: 9c59270c3fd7afecdb556c50c9e8de78 -> 
  custom:audio-decoder-ogg-vorbis: bf7c407c2cedff20999df2af8eb42d56 -> 
  custom:audio-encoder-webm-vorbis: bf7c407c2cedff20999df2af8eb42d56 -> 
========================================================================
Received Prepare
Registering precompiled user dll's ...
Registered in 0.006440 seconds.
Begin MonoManager ReloadAssembly
Native extension for WindowsStandalone target not found
Native extension for WebGL target not found
Refreshing native plugins compatible for Editor in 0.58 ms, found 3 plugins.
Preloading 0 native plugins for Editor in 0.00 ms.
Mono: successfully reloaded assembly
- Completed reload, in  1.182 seconds
Domain Reload Profiling:
	ReloadAssembly (1182ms)
		BeginReloadAssembly (125ms)
			ExecutionOrderSort (0ms)
			DisableScriptedObjects (7ms)
			BackupInstance (0ms)
			ReleaseScriptingObjects (0ms)
			CreateAndSetChildDomain (34ms)
		EndReloadAssembly (990ms)
			LoadAssemblies (107ms)
			RebuildTransferFunctionScriptingTraits (0ms)
			SetupTypeCache (355ms)
			ReleaseScriptCaches (1ms)
			RebuildScriptCaches (52ms)
			SetupLoadedEditorAssemblies (355ms)
				LogAssemblyErrors (0ms)
				InitializePlatformSupportModulesInManaged (6ms)
				SetLoadedEditorAssemblies (1ms)
				RefreshPlugins (1ms)
				BeforeProcessingInitializeOnLoad (96ms)
				ProcessInitializeOnLoadAttributes (238ms)
				ProcessInitializeOnLoadMethodAttributes (12ms)
				AfterProcessingInitializeOnLoad (3ms)
				EditorAssembliesLoaded (0ms)
			ExecutionOrderSort2 (0ms)
			AwakeInstancesAfterBackupRestoration (11ms)
Platform modules already initialized, skipping
Refreshing native plugins compatible for Editor in 0.56 ms, found 3 plugins.
Preloading 0 native plugins for Editor in 0.00 ms.
Unloading 2345 Unused Serialized files (Serialized files now loaded: 0)
System memory in use before: 103.9 MB.
System memory in use after: 104.1 MB.

Unloading 18 unused Assets to reduce memory usage. Loaded Objects now: 2871.
Total: 3.234200 ms (FindLiveObjects: 0.225000 ms CreateObjectMapping: 0.228400 ms MarkObjects: 2.762800 ms  DeleteObjects: 0.017000 ms)

AssetImportParameters requested are different than current active one (requested -> active):
  custom:framework-win-MediaFoundation: 216162199b28c13a410421893ffa2e32 -> 
  custom:video-decoder-ogg-theora: a1e56fd34408186e4bbccfd4996cb3dc -> 
  custom:container-muxer-webm: aa71ff27fc2769a1b78a27578f13a17b -> 
  custom:container-demuxer-webm: 4f35f7cbe854078d1ac9338744f61a02 -> 
  custom:container-demuxer-ogg: 62fdf1f143b41e24485cea50d1cbac27 -> 
  custom:video-encoder-webm-vp8: eb34c28f22e8b96e1ab97ce403110664 -> 
  custom:video-decoder-webm-vp8: 9c59270c3fd7afecdb556c50c9e8de78 -> 
  custom:audio-decoder-ogg-vorbis: bf7c407c2cedff20999df2af8eb42d56 -> 
  custom:audio-encoder-webm-vorbis: bf7c407c2cedff20999df2af8eb42d56 -> 
========================================================================
Received Prepare
Registering precompiled user dll's ...
Registered in 0.005836 seconds.
Begin MonoManager ReloadAssembly
Native extension for WindowsStandalone target not found
Native extension for WebGL target not found
Refreshing native plugins compatible for Editor in 0.45 ms, found 3 plugins.
Preloading 0 native plugins for Editor in 0.00 ms.
Mono: successfully reloaded assembly
- Completed reload, in  0.944 seconds
Domain Reload Profiling:
	ReloadAssembly (945ms)
		BeginReloadAssembly (109ms)
			ExecutionOrderSort (0ms)
			DisableScriptedObjects (6ms)
			BackupInstance (0ms)
			ReleaseScriptingObjects (0ms)
			CreateAndSetChildDomain (29ms)
		EndReloadAssembly (783ms)
			LoadAssemblies (85ms)
			RebuildTransferFunctionScriptingTraits (0ms)
			SetupTypeCache (271ms)
			ReleaseScriptCaches (1ms)
			RebuildScriptCaches (41ms)
			SetupLoadedEditorAssemblies (292ms)
				LogAssemblyErrors (0ms)
				InitializePlatformSupportModulesInManaged (5ms)
				SetLoadedEditorAssemblies (0ms)
				RefreshPlugins (1ms)
				BeforeProcessingInitializeOnLoad (79ms)
				ProcessInitializeOnLoadAttributes (196ms)
				ProcessInitializeOnLoadMethodAttributes (10ms)
				AfterProcessingInitializeOnLoad (2ms)
				EditorAssembliesLoaded (0ms)
			ExecutionOrderSort2 (0ms)
			AwakeInstancesAfterBackupRestoration (8ms)
Platform modules already initialized, skipping
Refreshing native plugins compatible for Editor in 0.45 ms, found 3 plugins.
Preloading 0 native plugins for Editor in 0.00 ms.
Unloading 2345 Unused Serialized files (Serialized files now loaded: 0)
System memory in use before: 103.9 MB.
System memory in use after: 104.1 MB.

Unloading 18 unused Assets to reduce memory usage. Loaded Objects now: 2873.
Total: 2.703200 ms (FindLiveObjects: 0.173400 ms CreateObjectMapping: 0.093100 ms MarkObjects: 2.418100 ms  DeleteObjects: 0.017900 ms)

AssetImportParameters requested are different than current active one (requested -> active):
  custom:framework-win-MediaFoundation: 216162199b28c13a410421893ffa2e32 -> 
  custom:video-decoder-ogg-theora: a1e56fd34408186e4bbccfd4996cb3dc -> 
  custom:container-muxer-webm: aa71ff27fc2769a1b78a27578f13a17b -> 
  custom:container-demuxer-webm: 4f35f7cbe854078d1ac9338744f61a02 -> 
  custom:container-demuxer-ogg: 62fdf1f143b41e24485cea50d1cbac27 -> 
  custom:video-encoder-webm-vp8: eb34c28f22e8b96e1ab97ce403110664 -> 
  custom:video-decoder-webm-vp8: 9c59270c3fd7afecdb556c50c9e8de78 -> 
  custom:audio-decoder-ogg-vorbis: bf7c407c2cedff20999df2af8eb42d56 -> 
  custom:audio-encoder-webm-vorbis: bf7c407c2cedff20999df2af8eb42d56 -> 
========================================================================
Received Import Request.
  Time since last request: 457.756130 seconds.
  path: Assets/Sprites/PRUEBABKG.png
  artifactKey: Guid(1f719ecfb320ccb4a9d2b1cfadecf719) Importer(815301076,1909f56bfc062723c751e8b465ee728b)
Start importing Assets/Sprites/PRUEBABKG.png using Guid(1f719ecfb320ccb4a9d2b1cfadecf719) Importer(815301076,1909f56bfc062723c751e8b465ee728b)  -> (artifact id: '01af7f9b01486b231e502b1370a1bab7') in 0.068170 seconds 
  Import took 0.071490 seconds .

AssetImportWorkerClient::OnTransportError - code=2 error=End of file
